2024-02-24T19:34:13.672Z [Modules] Modules initializing
2024-02-24T19:34:13.672Z [Modules] Distribution: remote
2024-02-24T19:34:13.672Z [Modules] Host updates: enabled
2024-02-24T19:34:13.672Z [Modules] Module updates: enabled
2024-02-24T19:34:13.672Z [Modules] Module install path: /home/shivansh/.config/discord/0.0.43/modules
2024-02-24T19:34:13.672Z [Modules] Module installed file path: /home/shivansh/.config/discord/0.0.43/modules/installed.json
2024-02-24T19:34:13.672Z [Modules] Module download path: /home/shivansh/.config/discord/0.0.43/modules/pending
2024-02-24T19:34:13.872Z [Modules] Bootstrapping...
2024-02-24T19:34:13.873Z [Modules] Installing discord_desktop_core@0 from /opt/discord/resources/bootstrap/discord_desktop_core.zip
2024-02-24T19:34:13.876Z [Modules] Failed installing discord_desktop_core@0: Error: ENOENT: no such file or directory, open '/opt/discord/resources/bootstrap/discord_desktop_core.zip'
2024-02-24T19:34:13.877Z [Modules] Installing discord_erlpack@0 from /opt/discord/resources/bootstrap/discord_erlpack.zip
2024-02-24T19:34:13.878Z [Modules] Failed installing discord_erlpack@0: Error: ENOENT: no such file or directory, open '/opt/discord/resources/bootstrap/discord_erlpack.zip'
2024-02-24T19:34:13.878Z [Modules] Installing discord_spellcheck@0 from /opt/discord/resources/bootstrap/discord_spellcheck.zip
2024-02-24T19:34:13.879Z [Modules] Failed installing discord_spellcheck@0: Error: ENOENT: no such file or directory, open '/opt/discord/resources/bootstrap/discord_spellcheck.zip'
2024-02-24T19:34:13.879Z [Modules] Installing discord_utils@0 from /opt/discord/resources/bootstrap/discord_utils.zip
2024-02-24T19:34:13.881Z [Modules] Failed installing discord_utils@0: Error: ENOENT: no such file or directory, open '/opt/discord/resources/bootstrap/discord_utils.zip'
2024-02-24T19:34:13.881Z [Modules] Installing discord_voice@0 from /opt/discord/resources/bootstrap/discord_voice.zip
2024-02-24T19:34:13.882Z [Modules] Failed installing discord_voice@0: Error: ENOENT: no such file or directory, open '/opt/discord/resources/bootstrap/discord_voice.zip'
2024-02-24T19:34:13.883Z [Modules] Finished module installations. [success: 0] [failure: 5]
2024-02-24T19:34:13.883Z [Modules] Checking for host updates.
2024-02-24T19:34:14.333Z [Modules] Host is up to date.
2024-02-24T19:34:14.333Z [Modules] Checking for module updates at https://discord.com/api/modules/stable/versions.json
2024-02-24T19:34:14.359Z [Modules] Module update available: discord_desktop_core@1 [installed: 0]
2024-02-24T19:34:14.359Z [Modules] Module update available: discord_erlpack@1 [installed: 0]
2024-02-24T19:34:14.359Z [Modules] Module update available: discord_spellcheck@1 [installed: 0]
2024-02-24T19:34:14.359Z [Modules] Module update available: discord_utils@1 [installed: 0]
2024-02-24T19:34:14.359Z [Modules] Module update available: discord_voice@1 [installed: 0]
2024-02-24T19:34:14.359Z [Modules] Fetching discord_desktop_core@1 from https://discord.com/api/modules/stable/discord_desktop_core/1
2024-02-24T19:34:14.360Z [Modules] Streaming discord_desktop_core@1 to /home/shivansh/.config/discord/0.0.43/modules/pending/discord_desktop_core-1.zip
2024-02-24T19:34:14.850Z [Modules] Streaming discord_desktop_core@1 to /home/shivansh/.config/discord/0.0.43/modules/pending/discord_desktop_core-1.zip: 1%
2024-02-24T19:34:14.853Z [Modules] Streaming discord_desktop_core@1 to /home/shivansh/.config/discord/0.0.43/modules/pending/discord_desktop_core-1.zip: 2%
2024-02-24T19:34:14.863Z [Modules] Streaming discord_desktop_core@1 to /home/shivansh/.config/discord/0.0.43/modules/pending/discord_desktop_core-1.zip: 4%
2024-02-24T19:34:14.874Z [Modules] Streaming discord_desktop_core@1 to /home/shivansh/.config/discord/0.0.43/modules/pending/discord_desktop_core-1.zip: 7%
2024-02-24T19:34:14.876Z [Modules] Streaming discord_desktop_core@1 to /home/shivansh/.config/discord/0.0.43/modules/pending/discord_desktop_core-1.zip: 10%
2024-02-24T19:34:14.884Z [Modules] Streaming discord_desktop_core@1 to /home/shivansh/.config/discord/0.0.43/modules/pending/discord_desktop_core-1.zip: 11%
2024-02-24T19:34:14.886Z [Modules] Streaming discord_desktop_core@1 to /home/shivansh/.config/discord/0.0.43/modules/pending/discord_desktop_core-1.zip: 14%
2024-02-24T19:34:14.886Z [Modules] Streaming discord_desktop_core@1 to /home/shivansh/.config/discord/0.0.43/modules/pending/discord_desktop_core-1.zip: 15%
2024-02-24T19:34:14.891Z [Modules] Streaming discord_desktop_core@1 to /home/shivansh/.config/discord/0.0.43/modules/pending/discord_desktop_core-1.zip: 20%
2024-02-24T19:34:14.897Z [Modules] Streaming discord_desktop_core@1 to /home/shivansh/.config/discord/0.0.43/modules/pending/discord_desktop_core-1.zip: 24%
2024-02-24T19:34:14.901Z [Modules] Streaming discord_desktop_core@1 to /home/shivansh/.config/discord/0.0.43/modules/pending/discord_desktop_core-1.zip: 28%
2024-02-24T19:34:14.905Z [Modules] Streaming discord_desktop_core@1 to /home/shivansh/.config/discord/0.0.43/modules/pending/discord_desktop_core-1.zip: 31%
2024-02-24T19:34:14.905Z [Modules] Streaming discord_desktop_core@1 to /home/shivansh/.config/discord/0.0.43/modules/pending/discord_desktop_core-1.zip: 32%
2024-02-24T19:34:14.907Z [Modules] Streaming discord_desktop_core@1 to /home/shivansh/.config/discord/0.0.43/modules/pending/discord_desktop_core-1.zip: 35%
2024-02-24T19:34:14.911Z [Modules] Streaming discord_desktop_core@1 to /home/shivansh/.config/discord/0.0.43/modules/pending/discord_desktop_core-1.zip: 38%
2024-02-24T19:34:14.911Z [Modules] Streaming discord_desktop_core@1 to /home/shivansh/.config/discord/0.0.43/modules/pending/discord_desktop_core-1.zip: 39%
2024-02-24T19:34:14.914Z [Modules] Streaming discord_desktop_core@1 to /home/shivansh/.config/discord/0.0.43/modules/pending/discord_desktop_core-1.zip: 40%
2024-02-24T19:34:14.923Z [Modules] Streaming discord_desktop_core@1 to /home/shivansh/.config/discord/0.0.43/modules/pending/discord_desktop_core-1.zip: 43%
2024-02-24T19:34:14.923Z [Modules] Streaming discord_desktop_core@1 to /home/shivansh/.config/discord/0.0.43/modules/pending/discord_desktop_core-1.zip: 45%
2024-02-24T19:34:14.925Z [Modules] Streaming discord_desktop_core@1 to /home/shivansh/.config/discord/0.0.43/modules/pending/discord_desktop_core-1.zip: 48%
2024-02-24T19:34:14.925Z [Modules] Streaming discord_desktop_core@1 to /home/shivansh/.config/discord/0.0.43/modules/pending/discord_desktop_core-1.zip: 49%
2024-02-24T19:34:14.927Z [Modules] Streaming discord_desktop_core@1 to /home/shivansh/.config/discord/0.0.43/modules/pending/discord_desktop_core-1.zip: 52%
2024-02-24T19:34:14.928Z [Modules] Streaming discord_desktop_core@1 to /home/shivansh/.config/discord/0.0.43/modules/pending/discord_desktop_core-1.zip: 53%
2024-02-24T19:34:14.938Z [Modules] Streaming discord_desktop_core@1 to /home/shivansh/.config/discord/0.0.43/modules/pending/discord_desktop_core-1.zip: 56%
2024-02-24T19:34:14.939Z [Modules] Streaming discord_desktop_core@1 to /home/shivansh/.config/discord/0.0.43/modules/pending/discord_desktop_core-1.zip: 57%
2024-02-24T19:34:14.942Z [Modules] Streaming discord_desktop_core@1 to /home/shivansh/.config/discord/0.0.43/modules/pending/discord_desktop_core-1.zip: 59%
2024-02-24T19:34:14.945Z [Modules] Streaming discord_desktop_core@1 to /home/shivansh/.config/discord/0.0.43/modules/pending/discord_desktop_core-1.zip: 60%
2024-02-24T19:34:14.946Z [Modules] Streaming discord_desktop_core@1 to /home/shivansh/.config/discord/0.0.43/modules/pending/discord_desktop_core-1.zip: 63%
2024-02-24T19:34:14.946Z [Modules] Streaming discord_desktop_core@1 to /home/shivansh/.config/discord/0.0.43/modules/pending/discord_desktop_core-1.zip: 64%
2024-02-24T19:34:14.948Z [Modules] Streaming discord_desktop_core@1 to /home/shivansh/.config/discord/0.0.43/modules/pending/discord_desktop_core-1.zip: 67%
2024-02-24T19:34:14.949Z [Modules] Streaming discord_desktop_core@1 to /home/shivansh/.config/discord/0.0.43/modules/pending/discord_desktop_core-1.zip: 68%
2024-02-24T19:34:14.950Z [Modules] Streaming discord_desktop_core@1 to /home/shivansh/.config/discord/0.0.43/modules/pending/discord_desktop_core-1.zip: 71%
2024-02-24T19:34:14.951Z [Modules] Streaming discord_desktop_core@1 to /home/shivansh/.config/discord/0.0.43/modules/pending/discord_desktop_core-1.zip: 72%
2024-02-24T19:34:14.954Z [Modules] Streaming discord_desktop_core@1 to /home/shivansh/.config/discord/0.0.43/modules/pending/discord_desktop_core-1.zip: 75%
2024-02-24T19:34:14.954Z [Modules] Streaming discord_desktop_core@1 to /home/shivansh/.config/discord/0.0.43/modules/pending/discord_desktop_core-1.zip: 77%
2024-02-24T19:34:14.957Z [Modules] Streaming discord_desktop_core@1 to /home/shivansh/.config/discord/0.0.43/modules/pending/discord_desktop_core-1.zip: 79%
2024-02-24T19:34:14.960Z [Modules] Streaming discord_desktop_core@1 to /home/shivansh/.config/discord/0.0.43/modules/pending/discord_desktop_core-1.zip: 81%
2024-02-24T19:34:14.963Z [Modules] Streaming discord_desktop_core@1 to /home/shivansh/.config/discord/0.0.43/modules/pending/discord_desktop_core-1.zip: 84%
2024-02-24T19:34:14.964Z [Modules] Streaming discord_desktop_core@1 to /home/shivansh/.config/discord/0.0.43/modules/pending/discord_desktop_core-1.zip: 85%
2024-02-24T19:34:14.966Z [Modules] Streaming discord_desktop_core@1 to /home/shivansh/.config/discord/0.0.43/modules/pending/discord_desktop_core-1.zip: 88%
2024-02-24T19:34:14.966Z [Modules] Streaming discord_desktop_core@1 to /home/shivansh/.config/discord/0.0.43/modules/pending/discord_desktop_core-1.zip: 89%
2024-02-24T19:34:14.971Z [Modules] Streaming discord_desktop_core@1 to /home/shivansh/.config/discord/0.0.43/modules/pending/discord_desktop_core-1.zip: 91%
2024-02-24T19:34:14.975Z [Modules] Streaming discord_desktop_core@1 to /home/shivansh/.config/discord/0.0.43/modules/pending/discord_desktop_core-1.zip: 94%
2024-02-24T19:34:14.975Z [Modules] Streaming discord_desktop_core@1 to /home/shivansh/.config/discord/0.0.43/modules/pending/discord_desktop_core-1.zip: 95%
2024-02-24T19:34:14.976Z [Modules] Streaming discord_desktop_core@1 to /home/shivansh/.config/discord/0.0.43/modules/pending/discord_desktop_core-1.zip: 96%
2024-02-24T19:34:14.978Z [Modules] Streaming discord_desktop_core@1 to /home/shivansh/.config/discord/0.0.43/modules/pending/discord_desktop_core-1.zip: 99%
2024-02-24T19:34:14.979Z [Modules] Streaming discord_desktop_core@1 to /home/shivansh/.config/discord/0.0.43/modules/pending/discord_desktop_core-1.zip: 100%
2024-02-24T19:34:14.980Z [Modules] Fetching discord_erlpack@1 from https://discord.com/api/modules/stable/discord_erlpack/1
2024-02-24T19:34:14.980Z [Modules] Streaming discord_erlpack@1 to /home/shivansh/.config/discord/0.0.43/modules/pending/discord_erlpack-1.zip
2024-02-24T19:34:15.369Z [Modules] Streaming discord_erlpack@1 to /home/shivansh/.config/discord/0.0.43/modules/pending/discord_erlpack-1.zip: 1%
2024-02-24T19:34:15.372Z [Modules] Streaming discord_erlpack@1 to /home/shivansh/.config/discord/0.0.43/modules/pending/discord_erlpack-1.zip: 5%
2024-02-24T19:34:15.377Z [Modules] Streaming discord_erlpack@1 to /home/shivansh/.config/discord/0.0.43/modules/pending/discord_erlpack-1.zip: 9%
2024-02-24T19:34:15.378Z [Modules] Streaming discord_erlpack@1 to /home/shivansh/.config/discord/0.0.43/modules/pending/discord_erlpack-1.zip: 11%
2024-02-24T19:34:15.391Z [Modules] Streaming discord_erlpack@1 to /home/shivansh/.config/discord/0.0.43/modules/pending/discord_erlpack-1.zip: 15%
2024-02-24T19:34:15.394Z [Modules] Streaming discord_erlpack@1 to /home/shivansh/.config/discord/0.0.43/modules/pending/discord_erlpack-1.zip: 18%
2024-02-24T19:34:15.395Z [Modules] Streaming discord_erlpack@1 to /home/shivansh/.config/discord/0.0.43/modules/pending/discord_erlpack-1.zip: 20%
2024-02-24T19:34:15.398Z [Modules] Streaming discord_erlpack@1 to /home/shivansh/.config/discord/0.0.43/modules/pending/discord_erlpack-1.zip: 23%
2024-02-24T19:34:15.399Z [Modules] Streaming discord_erlpack@1 to /home/shivansh/.config/discord/0.0.43/modules/pending/discord_erlpack-1.zip: 24%
2024-02-24T19:34:15.402Z [Modules] Streaming discord_erlpack@1 to /home/shivansh/.config/discord/0.0.43/modules/pending/discord_erlpack-1.zip: 25%
2024-02-24T19:34:15.403Z [Modules] Streaming discord_erlpack@1 to /home/shivansh/.config/discord/0.0.43/modules/pending/discord_erlpack-1.zip: 28%
2024-02-24T19:34:15.403Z [Modules] Streaming discord_erlpack@1 to /home/shivansh/.config/discord/0.0.43/modules/pending/discord_erlpack-1.zip: 29%
2024-02-24T19:34:15.405Z [Modules] Streaming discord_erlpack@1 to /home/shivansh/.config/discord/0.0.43/modules/pending/discord_erlpack-1.zip: 33%
2024-02-24T19:34:15.407Z [Modules] Streaming discord_erlpack@1 to /home/shivansh/.config/discord/0.0.43/modules/pending/discord_erlpack-1.zip: 37%
2024-02-24T19:34:15.408Z [Modules] Streaming discord_erlpack@1 to /home/shivansh/.config/discord/0.0.43/modules/pending/discord_erlpack-1.zip: 39%
2024-02-24T19:34:15.411Z [Modules] Streaming discord_erlpack@1 to /home/shivansh/.config/discord/0.0.43/modules/pending/discord_erlpack-1.zip: 40%
2024-02-24T19:34:15.413Z [Modules] Streaming discord_erlpack@1 to /home/shivansh/.config/discord/0.0.43/modules/pending/discord_erlpack-1.zip: 44%
2024-02-24T19:34:15.413Z [Modules] Streaming discord_erlpack@1 to /home/shivansh/.config/discord/0.0.43/modules/pending/discord_erlpack-1.zip: 45%
2024-02-24T19:34:15.419Z [Modules] Streaming discord_erlpack@1 to /home/shivansh/.config/discord/0.0.43/modules/pending/discord_erlpack-1.zip: 48%
2024-02-24T19:34:15.420Z [Modules] Streaming discord_erlpack@1 to /home/shivansh/.config/discord/0.0.43/modules/pending/discord_erlpack-1.zip: 51%
2024-02-24T19:34:15.423Z [Modules] Streaming discord_erlpack@1 to /home/shivansh/.config/discord/0.0.43/modules/pending/discord_erlpack-1.zip: 55%
2024-02-24T19:34:15.425Z [Modules] Streaming discord_erlpack@1 to /home/shivansh/.config/discord/0.0.43/modules/pending/discord_erlpack-1.zip: 58%
2024-02-24T19:34:15.427Z [Modules] Streaming discord_erlpack@1 to /home/shivansh/.config/discord/0.0.43/modules/pending/discord_erlpack-1.zip: 62%
2024-02-24T19:34:15.429Z [Modules] Streaming discord_erlpack@1 to /home/shivansh/.config/discord/0.0.43/modules/pending/discord_erlpack-1.zip: 65%
2024-02-24T19:34:15.431Z [Modules] Streaming discord_erlpack@1 to /home/shivansh/.config/discord/0.0.43/modules/pending/discord_erlpack-1.zip: 68%
2024-02-24T19:34:15.434Z [Modules] Streaming discord_erlpack@1 to /home/shivansh/.config/discord/0.0.43/modules/pending/discord_erlpack-1.zip: 73%
2024-02-24T19:34:15.438Z [Modules] Streaming discord_erlpack@1 to /home/shivansh/.config/discord/0.0.43/modules/pending/discord_erlpack-1.zip: 76%
2024-02-24T19:34:15.439Z [Modules] Streaming discord_erlpack@1 to /home/shivansh/.config/discord/0.0.43/modules/pending/discord_erlpack-1.zip: 78%
2024-02-24T19:34:15.440Z [Modules] Streaming discord_erlpack@1 to /home/shivansh/.config/discord/0.0.43/modules/pending/discord_erlpack-1.zip: 81%
2024-02-24T19:34:15.441Z [Modules] Streaming discord_erlpack@1 to /home/shivansh/.config/discord/0.0.43/modules/pending/discord_erlpack-1.zip: 83%
2024-02-24T19:34:15.444Z [Modules] Streaming discord_erlpack@1 to /home/shivansh/.config/discord/0.0.43/modules/pending/discord_erlpack-1.zip: 87%
2024-02-24T19:34:15.446Z [Modules] Streaming discord_erlpack@1 to /home/shivansh/.config/discord/0.0.43/modules/pending/discord_erlpack-1.zip: 91%
2024-02-24T19:34:15.447Z [Modules] Streaming discord_erlpack@1 to /home/shivansh/.config/discord/0.0.43/modules/pending/discord_erlpack-1.zip: 92%
2024-02-24T19:34:15.449Z [Modules] Streaming discord_erlpack@1 to /home/shivansh/.config/discord/0.0.43/modules/pending/discord_erlpack-1.zip: 96%
2024-02-24T19:34:15.449Z [Modules] Streaming discord_erlpack@1 to /home/shivansh/.config/discord/0.0.43/modules/pending/discord_erlpack-1.zip: 97%
2024-02-24T19:34:15.450Z [Modules] Streaming discord_erlpack@1 to /home/shivansh/.config/discord/0.0.43/modules/pending/discord_erlpack-1.zip: 100%
2024-02-24T19:34:15.451Z [Modules] Fetching discord_spellcheck@1 from https://discord.com/api/modules/stable/discord_spellcheck/1
2024-02-24T19:34:15.452Z [Modules] Streaming discord_spellcheck@1 to /home/shivansh/.config/discord/0.0.43/modules/pending/discord_spellcheck-1.zip
2024-02-24T19:34:15.964Z [Modules] Streaming discord_spellcheck@1 to /home/shivansh/.config/discord/0.0.43/modules/pending/discord_spellcheck-1.zip: 1%
2024-02-24T19:34:15.969Z [Modules] Streaming discord_spellcheck@1 to /home/shivansh/.config/discord/0.0.43/modules/pending/discord_spellcheck-1.zip: 2%
2024-02-24T19:34:15.975Z [Modules] Streaming discord_spellcheck@1 to /home/shivansh/.config/discord/0.0.43/modules/pending/discord_spellcheck-1.zip: 3%
2024-02-24T19:34:15.980Z [Modules] Streaming discord_spellcheck@1 to /home/shivansh/.config/discord/0.0.43/modules/pending/discord_spellcheck-1.zip: 4%
2024-02-24T19:34:15.986Z [Modules] Streaming discord_spellcheck@1 to /home/shivansh/.config/discord/0.0.43/modules/pending/discord_spellcheck-1.zip: 5%
2024-02-24T19:34:15.992Z [Modules] Streaming discord_spellcheck@1 to /home/shivansh/.config/discord/0.0.43/modules/pending/discord_spellcheck-1.zip: 6%
2024-02-24T19:34:15.997Z [Modules] Streaming discord_spellcheck@1 to /home/shivansh/.config/discord/0.0.43/modules/pending/discord_spellcheck-1.zip: 7%
2024-02-24T19:34:16.009Z [Modules] Streaming discord_spellcheck@1 to /home/shivansh/.config/discord/0.0.43/modules/pending/discord_spellcheck-1.zip: 8%
2024-02-24T19:34:16.015Z [Modules] Streaming discord_spellcheck@1 to /home/shivansh/.config/discord/0.0.43/modules/pending/discord_spellcheck-1.zip: 9%
2024-02-24T19:34:16.020Z [Modules] Streaming discord_spellcheck@1 to /home/shivansh/.config/discord/0.0.43/modules/pending/discord_spellcheck-1.zip: 10%
2024-02-24T19:34:16.030Z [Modules] Streaming discord_spellcheck@1 to /home/shivansh/.config/discord/0.0.43/modules/pending/discord_spellcheck-1.zip: 11%
2024-02-24T19:34:16.036Z [Modules] Streaming discord_spellcheck@1 to /home/shivansh/.config/discord/0.0.43/modules/pending/discord_spellcheck-1.zip: 12%
2024-02-24T19:34:16.041Z [Modules] Streaming discord_spellcheck@1 to /home/shivansh/.config/discord/0.0.43/modules/pending/discord_spellcheck-1.zip: 13%
2024-02-24T19:34:16.046Z [Modules] Streaming discord_spellcheck@1 to /home/shivansh/.config/discord/0.0.43/modules/pending/discord_spellcheck-1.zip: 14%
2024-02-24T19:34:16.054Z [Modules] Streaming discord_spellcheck@1 to /home/shivansh/.config/discord/0.0.43/modules/pending/discord_spellcheck-1.zip: 15%
2024-02-24T19:34:16.065Z [Modules] Streaming discord_spellcheck@1 to /home/shivansh/.config/discord/0.0.43/modules/pending/discord_spellcheck-1.zip: 16%
2024-02-24T19:34:16.071Z [Modules] Streaming discord_spellcheck@1 to /home/shivansh/.config/discord/0.0.43/modules/pending/discord_spellcheck-1.zip: 17%
2024-02-24T19:34:16.076Z [Modules] Streaming discord_spellcheck@1 to /home/shivansh/.config/discord/0.0.43/modules/pending/discord_spellcheck-1.zip: 18%
2024-02-24T19:34:16.082Z [Modules] Streaming discord_spellcheck@1 to /home/shivansh/.config/discord/0.0.43/modules/pending/discord_spellcheck-1.zip: 19%
2024-02-24T19:34:16.088Z [Modules] Streaming discord_spellcheck@1 to /home/shivansh/.config/discord/0.0.43/modules/pending/discord_spellcheck-1.zip: 20%
2024-02-24T19:34:16.094Z [Modules] Streaming discord_spellcheck@1 to /home/shivansh/.config/discord/0.0.43/modules/pending/discord_spellcheck-1.zip: 21%
2024-02-24T19:34:16.108Z [Modules] Streaming discord_spellcheck@1 to /home/shivansh/.config/discord/0.0.43/modules/pending/discord_spellcheck-1.zip: 22%
2024-02-24T19:34:16.114Z [Modules] Streaming discord_spellcheck@1 to /home/shivansh/.config/discord/0.0.43/modules/pending/discord_spellcheck-1.zip: 23%
2024-02-24T19:34:16.119Z [Modules] Streaming discord_spellcheck@1 to /home/shivansh/.config/discord/0.0.43/modules/pending/discord_spellcheck-1.zip: 24%
2024-02-24T19:34:16.132Z [Modules] Streaming discord_spellcheck@1 to /home/shivansh/.config/discord/0.0.43/modules/pending/discord_spellcheck-1.zip: 25%
2024-02-24T19:34:16.138Z [Modules] Streaming discord_spellcheck@1 to /home/shivansh/.config/discord/0.0.43/modules/pending/discord_spellcheck-1.zip: 26%
2024-02-24T19:34:16.152Z [Modules] Streaming discord_spellcheck@1 to /home/shivansh/.config/discord/0.0.43/modules/pending/discord_spellcheck-1.zip: 27%
2024-02-24T19:34:16.158Z [Modules] Streaming discord_spellcheck@1 to /home/shivansh/.config/discord/0.0.43/modules/pending/discord_spellcheck-1.zip: 28%
2024-02-24T19:34:16.164Z [Modules] Streaming discord_spellcheck@1 to /home/shivansh/.config/discord/0.0.43/modules/pending/discord_spellcheck-1.zip: 29%
2024-02-24T19:34:16.169Z [Modules] Streaming discord_spellcheck@1 to /home/shivansh/.config/discord/0.0.43/modules/pending/discord_spellcheck-1.zip: 30%
2024-02-24T19:34:16.175Z [Modules] Streaming discord_spellcheck@1 to /home/shivansh/.config/discord/0.0.43/modules/pending/discord_spellcheck-1.zip: 31%
2024-02-24T19:34:16.180Z [Modules] Streaming discord_spellcheck@1 to /home/shivansh/.config/discord/0.0.43/modules/pending/discord_spellcheck-1.zip: 32%
2024-02-24T19:34:16.185Z [Modules] Streaming discord_spellcheck@1 to /home/shivansh/.config/discord/0.0.43/modules/pending/discord_spellcheck-1.zip: 33%
2024-02-24T19:34:16.191Z [Modules] Streaming discord_spellcheck@1 to /home/shivansh/.config/discord/0.0.43/modules/pending/discord_spellcheck-1.zip: 34%
2024-02-24T19:34:16.202Z [Modules] Streaming discord_spellcheck@1 to /home/shivansh/.config/discord/0.0.43/modules/pending/discord_spellcheck-1.zip: 35%
2024-02-24T19:34:16.212Z [Modules] Streaming discord_spellcheck@1 to /home/shivansh/.config/discord/0.0.43/modules/pending/discord_spellcheck-1.zip: 36%
2024-02-24T19:34:16.220Z [Modules] Streaming discord_spellcheck@1 to /home/shivansh/.config/discord/0.0.43/modules/pending/discord_spellcheck-1.zip: 37%
2024-02-24T19:34:16.226Z [Modules] Streaming discord_spellcheck@1 to /home/shivansh/.config/discord/0.0.43/modules/pending/discord_spellcheck-1.zip: 38%
2024-02-24T19:34:16.231Z [Modules] Streaming discord_spellcheck@1 to /home/shivansh/.config/discord/0.0.43/modules/pending/discord_spellcheck-1.zip: 39%
2024-02-24T19:34:16.237Z [Modules] Streaming discord_spellcheck@1 to /home/shivansh/.config/discord/0.0.43/modules/pending/discord_spellcheck-1.zip: 40%
2024-02-24T19:34:16.242Z [Modules] Streaming discord_spellcheck@1 to /home/shivansh/.config/discord/0.0.43/modules/pending/discord_spellcheck-1.zip: 41%
2024-02-24T19:34:16.253Z [Modules] Streaming discord_spellcheck@1 to /home/shivansh/.config/discord/0.0.43/modules/pending/discord_spellcheck-1.zip: 42%
2024-02-24T19:34:16.259Z [Modules] Streaming discord_spellcheck@1 to /home/shivansh/.config/discord/0.0.43/modules/pending/discord_spellcheck-1.zip: 43%
2024-02-24T19:34:16.264Z [Modules] Streaming discord_spellcheck@1 to /home/shivansh/.config/discord/0.0.43/modules/pending/discord_spellcheck-1.zip: 44%
2024-02-24T19:34:16.270Z [Modules] Streaming discord_spellcheck@1 to /home/shivansh/.config/discord/0.0.43/modules/pending/discord_spellcheck-1.zip: 45%
2024-02-24T19:34:16.275Z [Modules] Streaming discord_spellcheck@1 to /home/shivansh/.config/discord/0.0.43/modules/pending/discord_spellcheck-1.zip: 46%
2024-02-24T19:34:16.281Z [Modules] Streaming discord_spellcheck@1 to /home/shivansh/.config/discord/0.0.43/modules/pending/discord_spellcheck-1.zip: 47%
2024-02-24T19:34:16.287Z [Modules] Streaming discord_spellcheck@1 to /home/shivansh/.config/discord/0.0.43/modules/pending/discord_spellcheck-1.zip: 48%
2024-02-24T19:34:16.292Z [Modules] Streaming discord_spellcheck@1 to /home/shivansh/.config/discord/0.0.43/modules/pending/discord_spellcheck-1.zip: 49%
2024-02-24T19:34:16.303Z [Modules] Streaming discord_spellcheck@1 to /home/shivansh/.config/discord/0.0.43/modules/pending/discord_spellcheck-1.zip: 50%
2024-02-24T19:34:16.312Z [Modules] Streaming discord_spellcheck@1 to /home/shivansh/.config/discord/0.0.43/modules/pending/discord_spellcheck-1.zip: 51%
2024-02-24T19:34:16.317Z [Modules] Streaming discord_spellcheck@1 to /home/shivansh/.config/discord/0.0.43/modules/pending/discord_spellcheck-1.zip: 52%
2024-02-24T19:34:16.324Z [Modules] Streaming discord_spellcheck@1 to /home/shivansh/.config/discord/0.0.43/modules/pending/discord_spellcheck-1.zip: 53%
2024-02-24T19:34:16.330Z [Modules] Streaming discord_spellcheck@1 to /home/shivansh/.config/discord/0.0.43/modules/pending/discord_spellcheck-1.zip: 54%
2024-02-24T19:34:16.337Z [Modules] Streaming discord_spellcheck@1 to /home/shivansh/.config/discord/0.0.43/modules/pending/discord_spellcheck-1.zip: 55%
2024-02-24T19:34:16.341Z [Modules] Streaming discord_spellcheck@1 to /home/shivansh/.config/discord/0.0.43/modules/pending/discord_spellcheck-1.zip: 56%
2024-02-24T19:34:16.347Z [Modules] Streaming discord_spellcheck@1 to /home/shivansh/.config/discord/0.0.43/modules/pending/discord_spellcheck-1.zip: 57%
2024-02-24T19:34:16.352Z [Modules] Streaming discord_spellcheck@1 to /home/shivansh/.config/discord/0.0.43/modules/pending/discord_spellcheck-1.zip: 58%
2024-02-24T19:34:16.364Z [Modules] Streaming discord_spellcheck@1 to /home/shivansh/.config/discord/0.0.43/modules/pending/discord_spellcheck-1.zip: 59%
2024-02-24T19:34:16.369Z [Modules] Streaming discord_spellcheck@1 to /home/shivansh/.config/discord/0.0.43/modules/pending/discord_spellcheck-1.zip: 60%
2024-02-24T19:34:16.374Z [Modules] Streaming discord_spellcheck@1 to /home/shivansh/.config/discord/0.0.43/modules/pending/discord_spellcheck-1.zip: 61%
2024-02-24T19:34:16.379Z [Modules] Streaming discord_spellcheck@1 to /home/shivansh/.config/discord/0.0.43/modules/pending/discord_spellcheck-1.zip: 62%
2024-02-24T19:34:16.385Z [Modules] Streaming discord_spellcheck@1 to /home/shivansh/.config/discord/0.0.43/modules/pending/discord_spellcheck-1.zip: 63%
2024-02-24T19:34:16.390Z [Modules] Streaming discord_spellcheck@1 to /home/shivansh/.config/discord/0.0.43/modules/pending/discord_spellcheck-1.zip: 64%
2024-02-24T19:34:16.401Z [Modules] Streaming discord_spellcheck@1 to /home/shivansh/.config/discord/0.0.43/modules/pending/discord_spellcheck-1.zip: 65%
2024-02-24T19:34:16.410Z [Modules] Streaming discord_spellcheck@1 to /home/shivansh/.config/discord/0.0.43/modules/pending/discord_spellcheck-1.zip: 66%
2024-02-24T19:34:16.417Z [Modules] Streaming discord_spellcheck@1 to /home/shivansh/.config/discord/0.0.43/modules/pending/discord_spellcheck-1.zip: 67%
2024-02-24T19:34:16.429Z [Modules] Streaming discord_spellcheck@1 to /home/shivansh/.config/discord/0.0.43/modules/pending/discord_spellcheck-1.zip: 68%
2024-02-24T19:34:16.438Z [Modules] Streaming discord_spellcheck@1 to /home/shivansh/.config/discord/0.0.43/modules/pending/discord_spellcheck-1.zip: 69%
2024-02-24T19:34:16.443Z [Modules] Streaming discord_spellcheck@1 to /home/shivansh/.config/discord/0.0.43/modules/pending/discord_spellcheck-1.zip: 70%
2024-02-24T19:34:16.449Z [Modules] Streaming discord_spellcheck@1 to /home/shivansh/.config/discord/0.0.43/modules/pending/discord_spellcheck-1.zip: 71%
2024-02-24T19:34:16.454Z [Modules] Streaming discord_spellcheck@1 to /home/shivansh/.config/discord/0.0.43/modules/pending/discord_spellcheck-1.zip: 72%
2024-02-24T19:34:16.460Z [Modules] Streaming discord_spellcheck@1 to /home/shivansh/.config/discord/0.0.43/modules/pending/discord_spellcheck-1.zip: 73%
2024-02-24T19:34:16.466Z [Modules] Streaming discord_spellcheck@1 to /home/shivansh/.config/discord/0.0.43/modules/pending/discord_spellcheck-1.zip: 74%
2024-02-24T19:34:16.472Z [Modules] Streaming discord_spellcheck@1 to /home/shivansh/.config/discord/0.0.43/modules/pending/discord_spellcheck-1.zip: 75%
2024-02-24T19:34:16.477Z [Modules] Streaming discord_spellcheck@1 to /home/shivansh/.config/discord/0.0.43/modules/pending/discord_spellcheck-1.zip: 76%
2024-02-24T19:34:16.489Z [Modules] Streaming discord_spellcheck@1 to /home/shivansh/.config/discord/0.0.43/modules/pending/discord_spellcheck-1.zip: 77%
2024-02-24T19:34:16.495Z [Modules] Streaming discord_spellcheck@1 to /home/shivansh/.config/discord/0.0.43/modules/pending/discord_spellcheck-1.zip: 78%
2024-02-24T19:34:16.509Z [Modules] Streaming discord_spellcheck@1 to /home/shivansh/.config/discord/0.0.43/modules/pending/discord_spellcheck-1.zip: 79%
2024-02-24T19:34:16.523Z [Modules] Streaming discord_spellcheck@1 to /home/shivansh/.config/discord/0.0.43/modules/pending/discord_spellcheck-1.zip: 80%
2024-02-24T19:34:16.571Z [Modules] Streaming discord_spellcheck@1 to /home/shivansh/.config/discord/0.0.43/modules/pending/discord_spellcheck-1.zip: 81%
2024-02-24T19:34:16.577Z [Modules] Streaming discord_spellcheck@1 to /home/shivansh/.config/discord/0.0.43/modules/pending/discord_spellcheck-1.zip: 82%
2024-02-24T19:34:16.589Z [Modules] Streaming discord_spellcheck@1 to /home/shivansh/.config/discord/0.0.43/modules/pending/discord_spellcheck-1.zip: 83%
2024-02-24T19:34:16.593Z [Modules] Streaming discord_spellcheck@1 to /home/shivansh/.config/discord/0.0.43/modules/pending/discord_spellcheck-1.zip: 84%
2024-02-24T19:34:16.600Z [Modules] Streaming discord_spellcheck@1 to /home/shivansh/.config/discord/0.0.43/modules/pending/discord_spellcheck-1.zip: 85%
2024-02-24T19:34:16.602Z [Modules] Streaming discord_spellcheck@1 to /home/shivansh/.config/discord/0.0.43/modules/pending/discord_spellcheck-1.zip: 86%
2024-02-24T19:34:16.605Z [Modules] Streaming discord_spellcheck@1 to /home/shivansh/.config/discord/0.0.43/modules/pending/discord_spellcheck-1.zip: 87%
2024-02-24T19:34:16.615Z [Modules] Streaming discord_spellcheck@1 to /home/shivansh/.config/discord/0.0.43/modules/pending/discord_spellcheck-1.zip: 88%
2024-02-24T19:34:16.618Z [Modules] Streaming discord_spellcheck@1 to /home/shivansh/.config/discord/0.0.43/modules/pending/discord_spellcheck-1.zip: 89%
2024-02-24T19:34:16.624Z [Modules] Streaming discord_spellcheck@1 to /home/shivansh/.config/discord/0.0.43/modules/pending/discord_spellcheck-1.zip: 90%
2024-02-24T19:34:16.627Z [Modules] Streaming discord_spellcheck@1 to /home/shivansh/.config/discord/0.0.43/modules/pending/discord_spellcheck-1.zip: 91%
2024-02-24T19:34:16.631Z [Modules] Streaming discord_spellcheck@1 to /home/shivansh/.config/discord/0.0.43/modules/pending/discord_spellcheck-1.zip: 92%
2024-02-24T19:34:16.636Z [Modules] Streaming discord_spellcheck@1 to /home/shivansh/.config/discord/0.0.43/modules/pending/discord_spellcheck-1.zip: 93%
2024-02-24T19:34:16.642Z [Modules] Streaming discord_spellcheck@1 to /home/shivansh/.config/discord/0.0.43/modules/pending/discord_spellcheck-1.zip: 94%
2024-02-24T19:34:16.647Z [Modules] Streaming discord_spellcheck@1 to /home/shivansh/.config/discord/0.0.43/modules/pending/discord_spellcheck-1.zip: 95%
2024-02-24T19:34:16.652Z [Modules] Streaming discord_spellcheck@1 to /home/shivansh/.config/discord/0.0.43/modules/pending/discord_spellcheck-1.zip: 96%
2024-02-24T19:34:16.661Z [Modules] Streaming discord_spellcheck@1 to /home/shivansh/.config/discord/0.0.43/modules/pending/discord_spellcheck-1.zip: 97%
2024-02-24T19:34:16.666Z [Modules] Streaming discord_spellcheck@1 to /home/shivansh/.config/discord/0.0.43/modules/pending/discord_spellcheck-1.zip: 98%
2024-02-24T19:34:16.670Z [Modules] Streaming discord_spellcheck@1 to /home/shivansh/.config/discord/0.0.43/modules/pending/discord_spellcheck-1.zip: 99%
2024-02-24T19:34:16.673Z [Modules] Streaming discord_spellcheck@1 to /home/shivansh/.config/discord/0.0.43/modules/pending/discord_spellcheck-1.zip: 100%
2024-02-24T19:34:16.674Z [Modules] Fetching discord_utils@1 from https://discord.com/api/modules/stable/discord_utils/1
2024-02-24T19:34:16.674Z [Modules] Streaming discord_utils@1 to /home/shivansh/.config/discord/0.0.43/modules/pending/discord_utils-1.zip
2024-02-24T19:34:17.204Z [Modules] Streaming discord_utils@1 to /home/shivansh/.config/discord/0.0.43/modules/pending/discord_utils-1.zip: 1%
2024-02-24T19:34:17.207Z [Modules] Streaming discord_utils@1 to /home/shivansh/.config/discord/0.0.43/modules/pending/discord_utils-1.zip: 2%
2024-02-24T19:34:17.209Z [Modules] Streaming discord_utils@1 to /home/shivansh/.config/discord/0.0.43/modules/pending/discord_utils-1.zip: 3%
2024-02-24T19:34:17.211Z [Modules] Streaming discord_utils@1 to /home/shivansh/.config/discord/0.0.43/modules/pending/discord_utils-1.zip: 4%
2024-02-24T19:34:17.215Z [Modules] Streaming discord_utils@1 to /home/shivansh/.config/discord/0.0.43/modules/pending/discord_utils-1.zip: 6%
2024-02-24T19:34:17.217Z [Modules] Streaming discord_utils@1 to /home/shivansh/.config/discord/0.0.43/modules/pending/discord_utils-1.zip: 7%
2024-02-24T19:34:17.218Z [Modules] Streaming discord_utils@1 to /home/shivansh/.config/discord/0.0.43/modules/pending/discord_utils-1.zip: 8%
2024-02-24T19:34:17.221Z [Modules] Streaming discord_utils@1 to /home/shivansh/.config/discord/0.0.43/modules/pending/discord_utils-1.zip: 9%
2024-02-24T19:34:17.223Z [Modules] Streaming discord_utils@1 to /home/shivansh/.config/discord/0.0.43/modules/pending/discord_utils-1.zip: 11%
2024-02-24T19:34:17.226Z [Modules] Streaming discord_utils@1 to /home/shivansh/.config/discord/0.0.43/modules/pending/discord_utils-1.zip: 13%
2024-02-24T19:34:17.229Z [Modules] Streaming discord_utils@1 to /home/shivansh/.config/discord/0.0.43/modules/pending/discord_utils-1.zip: 15%
2024-02-24T19:34:17.233Z [Modules] Streaming discord_utils@1 to /home/shivansh/.config/discord/0.0.43/modules/pending/discord_utils-1.zip: 16%
2024-02-24T19:34:17.234Z [Modules] Streaming discord_utils@1 to /home/shivansh/.config/discord/0.0.43/modules/pending/discord_utils-1.zip: 17%
2024-02-24T19:34:17.237Z [Modules] Streaming discord_utils@1 to /home/shivansh/.config/discord/0.0.43/modules/pending/discord_utils-1.zip: 19%
2024-02-24T19:34:17.240Z [Modules] Streaming discord_utils@1 to /home/shivansh/.config/discord/0.0.43/modules/pending/discord_utils-1.zip: 20%
2024-02-24T19:34:17.244Z [Modules] Streaming discord_utils@1 to /home/shivansh/.config/discord/0.0.43/modules/pending/discord_utils-1.zip: 23%
2024-02-24T19:34:17.246Z [Modules] Streaming discord_utils@1 to /home/shivansh/.config/discord/0.0.43/modules/pending/discord_utils-1.zip: 24%
2024-02-24T19:34:17.249Z [Modules] Streaming discord_utils@1 to /home/shivansh/.config/discord/0.0.43/modules/pending/discord_utils-1.zip: 25%
2024-02-24T19:34:17.252Z [Modules] Streaming discord_utils@1 to /home/shivansh/.config/discord/0.0.43/modules/pending/discord_utils-1.zip: 27%
2024-02-24T19:34:17.257Z [Modules] Streaming discord_utils@1 to /home/shivansh/.config/discord/0.0.43/modules/pending/discord_utils-1.zip: 28%
2024-02-24T19:34:17.261Z [Modules] Streaming discord_utils@1 to /home/shivansh/.config/discord/0.0.43/modules/pending/discord_utils-1.zip: 30%
2024-02-24T19:34:17.263Z [Modules] Streaming discord_utils@1 to /home/shivansh/.config/discord/0.0.43/modules/pending/discord_utils-1.zip: 32%
2024-02-24T19:34:17.264Z [Modules] Streaming discord_utils@1 to /home/shivansh/.config/discord/0.0.43/modules/pending/discord_utils-1.zip: 34%
2024-02-24T19:34:17.266Z [Modules] Streaming discord_utils@1 to /home/shivansh/.config/discord/0.0.43/modules/pending/discord_utils-1.zip: 35%
2024-02-24T19:34:17.268Z [Modules] Streaming discord_utils@1 to /home/shivansh/.config/discord/0.0.43/modules/pending/discord_utils-1.zip: 37%
2024-02-24T19:34:17.270Z [Modules] Streaming discord_utils@1 to /home/shivansh/.config/discord/0.0.43/modules/pending/discord_utils-1.zip: 38%
2024-02-24T19:34:17.272Z [Modules] Streaming discord_utils@1 to /home/shivansh/.config/discord/0.0.43/modules/pending/discord_utils-1.zip: 39%
2024-02-24T19:34:17.274Z [Modules] Streaming discord_utils@1 to /home/shivansh/.config/discord/0.0.43/modules/pending/discord_utils-1.zip: 42%
2024-02-24T19:34:17.278Z [Modules] Streaming discord_utils@1 to /home/shivansh/.config/discord/0.0.43/modules/pending/discord_utils-1.zip: 43%
2024-02-24T19:34:17.281Z [Modules] Streaming discord_utils@1 to /home/shivansh/.config/discord/0.0.43/modules/pending/discord_utils-1.zip: 45%
2024-02-24T19:34:17.283Z [Modules] Streaming discord_utils@1 to /home/shivansh/.config/discord/0.0.43/modules/pending/discord_utils-1.zip: 47%
2024-02-24T19:34:17.286Z [Modules] Streaming discord_utils@1 to /home/shivansh/.config/discord/0.0.43/modules/pending/discord_utils-1.zip: 48%
2024-02-24T19:34:17.296Z [Modules] Streaming discord_utils@1 to /home/shivansh/.config/discord/0.0.43/modules/pending/discord_utils-1.zip: 49%
2024-02-24T19:34:17.298Z [Modules] Streaming discord_utils@1 to /home/shivansh/.config/discord/0.0.43/modules/pending/discord_utils-1.zip: 50%
2024-02-24T19:34:17.301Z [Modules] Streaming discord_utils@1 to /home/shivansh/.config/discord/0.0.43/modules/pending/discord_utils-1.zip: 52%
2024-02-24T19:34:17.303Z [Modules] Streaming discord_utils@1 to /home/shivansh/.config/discord/0.0.43/modules/pending/discord_utils-1.zip: 53%
2024-02-24T19:34:17.307Z [Modules] Streaming discord_utils@1 to /home/shivansh/.config/discord/0.0.43/modules/pending/discord_utils-1.zip: 55%
2024-02-24T19:34:17.309Z [Modules] Streaming discord_utils@1 to /home/shivansh/.config/discord/0.0.43/modules/pending/discord_utils-1.zip: 56%
2024-02-24T19:34:17.311Z [Modules] Streaming discord_utils@1 to /home/shivansh/.config/discord/0.0.43/modules/pending/discord_utils-1.zip: 57%
2024-02-24T19:34:17.314Z [Modules] Streaming discord_utils@1 to /home/shivansh/.config/discord/0.0.43/modules/pending/discord_utils-1.zip: 59%
2024-02-24T19:34:17.316Z [Modules] Streaming discord_utils@1 to /home/shivansh/.config/discord/0.0.43/modules/pending/discord_utils-1.zip: 61%
2024-02-24T19:34:17.319Z [Modules] Streaming discord_utils@1 to /home/shivansh/.config/discord/0.0.43/modules/pending/discord_utils-1.zip: 62%
2024-02-24T19:34:17.322Z [Modules] Streaming discord_utils@1 to /home/shivansh/.config/discord/0.0.43/modules/pending/discord_utils-1.zip: 64%
2024-02-24T19:34:17.328Z [Modules] Streaming discord_utils@1 to /home/shivansh/.config/discord/0.0.43/modules/pending/discord_utils-1.zip: 65%
2024-02-24T19:34:17.331Z [Modules] Streaming discord_utils@1 to /home/shivansh/.config/discord/0.0.43/modules/pending/discord_utils-1.zip: 67%
2024-02-24T19:34:17.332Z [Modules] Streaming discord_utils@1 to /home/shivansh/.config/discord/0.0.43/modules/pending/discord_utils-1.zip: 68%
2024-02-24T19:34:17.334Z [Modules] Streaming discord_utils@1 to /home/shivansh/.config/discord/0.0.43/modules/pending/discord_utils-1.zip: 70%
2024-02-24T19:34:17.335Z [Modules] Streaming discord_utils@1 to /home/shivansh/.config/discord/0.0.43/modules/pending/discord_utils-1.zip: 71%
2024-02-24T19:34:17.338Z [Modules] Streaming discord_utils@1 to /home/shivansh/.config/discord/0.0.43/modules/pending/discord_utils-1.zip: 73%
2024-02-24T19:34:17.339Z [Modules] Streaming discord_utils@1 to /home/shivansh/.config/discord/0.0.43/modules/pending/discord_utils-1.zip: 74%
2024-02-24T19:34:17.343Z [Modules] Streaming discord_utils@1 to /home/shivansh/.config/discord/0.0.43/modules/pending/discord_utils-1.zip: 77%
2024-02-24T19:34:17.346Z [Modules] Streaming discord_utils@1 to /home/shivansh/.config/discord/0.0.43/modules/pending/discord_utils-1.zip: 79%
2024-02-24T19:34:17.348Z [Modules] Streaming discord_utils@1 to /home/shivansh/.config/discord/0.0.43/modules/pending/discord_utils-1.zip: 81%
2024-02-24T19:34:17.351Z [Modules] Streaming discord_utils@1 to /home/shivansh/.config/discord/0.0.43/modules/pending/discord_utils-1.zip: 83%
2024-02-24T19:34:17.354Z [Modules] Streaming discord_utils@1 to /home/shivansh/.config/discord/0.0.43/modules/pending/discord_utils-1.zip: 85%
2024-02-24T19:34:17.357Z [Modules] Streaming discord_utils@1 to /home/shivansh/.config/discord/0.0.43/modules/pending/discord_utils-1.zip: 86%
2024-02-24T19:34:17.360Z [Modules] Streaming discord_utils@1 to /home/shivansh/.config/discord/0.0.43/modules/pending/discord_utils-1.zip: 88%
2024-02-24T19:34:17.362Z [Modules] Streaming discord_utils@1 to /home/shivansh/.config/discord/0.0.43/modules/pending/discord_utils-1.zip: 89%
2024-02-24T19:34:17.364Z [Modules] Streaming discord_utils@1 to /home/shivansh/.config/discord/0.0.43/modules/pending/discord_utils-1.zip: 92%
2024-02-24T19:34:17.368Z [Modules] Streaming discord_utils@1 to /home/shivansh/.config/discord/0.0.43/modules/pending/discord_utils-1.zip: 94%
2024-02-24T19:34:17.371Z [Modules] Streaming discord_utils@1 to /home/shivansh/.config/discord/0.0.43/modules/pending/discord_utils-1.zip: 96%
2024-02-24T19:34:17.374Z [Modules] Streaming discord_utils@1 to /home/shivansh/.config/discord/0.0.43/modules/pending/discord_utils-1.zip: 98%
2024-02-24T19:34:17.376Z [Modules] Streaming discord_utils@1 to /home/shivansh/.config/discord/0.0.43/modules/pending/discord_utils-1.zip: 100%
2024-02-24T19:34:17.377Z [Modules] Fetching discord_voice@1 from https://discord.com/api/modules/stable/discord_voice/1
2024-02-24T19:34:17.377Z [Modules] Streaming discord_voice@1 to /home/shivansh/.config/discord/0.0.43/modules/pending/discord_voice-1.zip
2024-02-24T19:34:17.802Z [Modules] Streaming discord_voice@1 to /home/shivansh/.config/discord/0.0.43/modules/pending/discord_voice-1.zip: 1%
2024-02-24T19:34:17.813Z [Modules] Streaming discord_voice@1 to /home/shivansh/.config/discord/0.0.43/modules/pending/discord_voice-1.zip: 2%
2024-02-24T19:34:17.829Z [Modules] Streaming discord_voice@1 to /home/shivansh/.config/discord/0.0.43/modules/pending/discord_voice-1.zip: 3%
2024-02-24T19:34:17.841Z [Modules] Streaming discord_voice@1 to /home/shivansh/.config/discord/0.0.43/modules/pending/discord_voice-1.zip: 4%
2024-02-24T19:34:17.852Z [Modules] Streaming discord_voice@1 to /home/shivansh/.config/discord/0.0.43/modules/pending/discord_voice-1.zip: 5%
2024-02-24T19:34:17.864Z [Modules] Streaming discord_voice@1 to /home/shivansh/.config/discord/0.0.43/modules/pending/discord_voice-1.zip: 6%
2024-02-24T19:34:17.886Z [Modules] Streaming discord_voice@1 to /home/shivansh/.config/discord/0.0.43/modules/pending/discord_voice-1.zip: 7%
2024-02-24T19:34:17.905Z [Modules] Streaming discord_voice@1 to /home/shivansh/.config/discord/0.0.43/modules/pending/discord_voice-1.zip: 8%
2024-02-24T19:34:17.915Z [Modules] Streaming discord_voice@1 to /home/shivansh/.config/discord/0.0.43/modules/pending/discord_voice-1.zip: 9%
2024-02-24T19:34:17.928Z [Modules] Streaming discord_voice@1 to /home/shivansh/.config/discord/0.0.43/modules/pending/discord_voice-1.zip: 10%
2024-02-24T19:34:17.942Z [Modules] Streaming discord_voice@1 to /home/shivansh/.config/discord/0.0.43/modules/pending/discord_voice-1.zip: 11%
2024-02-24T19:34:17.952Z [Modules] Streaming discord_voice@1 to /home/shivansh/.config/discord/0.0.43/modules/pending/discord_voice-1.zip: 12%
2024-02-24T19:34:17.965Z [Modules] Streaming discord_voice@1 to /home/shivansh/.config/discord/0.0.43/modules/pending/discord_voice-1.zip: 13%
2024-02-24T19:34:17.975Z [Modules] Streaming discord_voice@1 to /home/shivansh/.config/discord/0.0.43/modules/pending/discord_voice-1.zip: 14%
2024-02-24T19:34:17.988Z [Modules] Streaming discord_voice@1 to /home/shivansh/.config/discord/0.0.43/modules/pending/discord_voice-1.zip: 15%
2024-02-24T19:34:17.999Z [Modules] Streaming discord_voice@1 to /home/shivansh/.config/discord/0.0.43/modules/pending/discord_voice-1.zip: 16%
2024-02-24T19:34:18.010Z [Modules] Streaming discord_voice@1 to /home/shivansh/.config/discord/0.0.43/modules/pending/discord_voice-1.zip: 17%
2024-02-24T19:34:18.021Z [Modules] Streaming discord_voice@1 to /home/shivansh/.config/discord/0.0.43/modules/pending/discord_voice-1.zip: 18%
2024-02-24T19:34:18.037Z [Modules] Streaming discord_voice@1 to /home/shivansh/.config/discord/0.0.43/modules/pending/discord_voice-1.zip: 19%
2024-02-24T19:34:18.051Z [Modules] Streaming discord_voice@1 to /home/shivansh/.config/discord/0.0.43/modules/pending/discord_voice-1.zip: 20%
2024-02-24T19:34:18.055Z [Modules] Streaming discord_voice@1 to /home/shivansh/.config/discord/0.0.43/modules/pending/discord_voice-1.zip: 21%
2024-02-24T19:34:18.066Z [Modules] Streaming discord_voice@1 to /home/shivansh/.config/discord/0.0.43/modules/pending/discord_voice-1.zip: 22%
2024-02-24T19:34:18.076Z [Modules] Streaming discord_voice@1 to /home/shivansh/.config/discord/0.0.43/modules/pending/discord_voice-1.zip: 23%
2024-02-24T19:34:18.085Z [Modules] Streaming discord_voice@1 to /home/shivansh/.config/discord/0.0.43/modules/pending/discord_voice-1.zip: 24%
2024-02-24T19:34:18.097Z [Modules] Streaming discord_voice@1 to /home/shivansh/.config/discord/0.0.43/modules/pending/discord_voice-1.zip: 25%
2024-02-24T19:34:18.106Z [Modules] Streaming discord_voice@1 to /home/shivansh/.config/discord/0.0.43/modules/pending/discord_voice-1.zip: 26%
2024-02-24T19:34:18.115Z [Modules] Streaming discord_voice@1 to /home/shivansh/.config/discord/0.0.43/modules/pending/discord_voice-1.zip: 27%
2024-02-24T19:34:18.126Z [Modules] Streaming discord_voice@1 to /home/shivansh/.config/discord/0.0.43/modules/pending/discord_voice-1.zip: 28%
2024-02-24T19:34:18.136Z [Modules] Streaming discord_voice@1 to /home/shivansh/.config/discord/0.0.43/modules/pending/discord_voice-1.zip: 29%
2024-02-24T19:34:18.158Z [Modules] Streaming discord_voice@1 to /home/shivansh/.config/discord/0.0.43/modules/pending/discord_voice-1.zip: 30%
2024-02-24T19:34:18.178Z [Modules] Streaming discord_voice@1 to /home/shivansh/.config/discord/0.0.43/modules/pending/discord_voice-1.zip: 31%
2024-02-24T19:34:18.196Z [Modules] Streaming discord_voice@1 to /home/shivansh/.config/discord/0.0.43/modules/pending/discord_voice-1.zip: 32%
2024-02-24T19:34:18.204Z [Modules] Streaming discord_voice@1 to /home/shivansh/.config/discord/0.0.43/modules/pending/discord_voice-1.zip: 33%
2024-02-24T19:34:18.217Z [Modules] Streaming discord_voice@1 to /home/shivansh/.config/discord/0.0.43/modules/pending/discord_voice-1.zip: 34%
2024-02-24T19:34:18.227Z [Modules] Streaming discord_voice@1 to /home/shivansh/.config/discord/0.0.43/modules/pending/discord_voice-1.zip: 35%
2024-02-24T19:34:18.240Z [Modules] Streaming discord_voice@1 to /home/shivansh/.config/discord/0.0.43/modules/pending/discord_voice-1.zip: 36%
2024-02-24T19:34:18.250Z [Modules] Streaming discord_voice@1 to /home/shivansh/.config/discord/0.0.43/modules/pending/discord_voice-1.zip: 37%
2024-02-24T19:34:18.263Z [Modules] Streaming discord_voice@1 to /home/shivansh/.config/discord/0.0.43/modules/pending/discord_voice-1.zip: 38%
2024-02-24T19:34:18.272Z [Modules] Streaming discord_voice@1 to /home/shivansh/.config/discord/0.0.43/modules/pending/discord_voice-1.zip: 39%
2024-02-24T19:34:18.285Z [Modules] Streaming discord_voice@1 to /home/shivansh/.config/discord/0.0.43/modules/pending/discord_voice-1.zip: 40%
2024-02-24T19:34:18.295Z [Modules] Streaming discord_voice@1 to /home/shivansh/.config/discord/0.0.43/modules/pending/discord_voice-1.zip: 41%
2024-02-24T19:34:18.304Z [Modules] Streaming discord_voice@1 to /home/shivansh/.config/discord/0.0.43/modules/pending/discord_voice-1.zip: 42%
2024-02-24T19:34:18.314Z [Modules] Streaming discord_voice@1 to /home/shivansh/.config/discord/0.0.43/modules/pending/discord_voice-1.zip: 43%
2024-02-24T19:34:18.329Z [Modules] Streaming discord_voice@1 to /home/shivansh/.config/discord/0.0.43/modules/pending/discord_voice-1.zip: 44%
2024-02-24T19:34:18.345Z [Modules] Streaming discord_voice@1 to /home/shivansh/.config/discord/0.0.43/modules/pending/discord_voice-1.zip: 45%
2024-02-24T19:34:18.350Z [Modules] Streaming discord_voice@1 to /home/shivansh/.config/discord/0.0.43/modules/pending/discord_voice-1.zip: 46%
2024-02-24T19:34:18.361Z [Modules] Streaming discord_voice@1 to /home/shivansh/.config/discord/0.0.43/modules/pending/discord_voice-1.zip: 47%
2024-02-24T19:34:18.383Z [Modules] Streaming discord_voice@1 to /home/shivansh/.config/discord/0.0.43/modules/pending/discord_voice-1.zip: 48%
2024-02-24T19:34:18.390Z [Modules] Streaming discord_voice@1 to /home/shivansh/.config/discord/0.0.43/modules/pending/discord_voice-1.zip: 49%
2024-02-24T19:34:18.400Z [Modules] Streaming discord_voice@1 to /home/shivansh/.config/discord/0.0.43/modules/pending/discord_voice-1.zip: 50%
2024-02-24T19:34:18.407Z [Modules] Streaming discord_voice@1 to /home/shivansh/.config/discord/0.0.43/modules/pending/discord_voice-1.zip: 51%
2024-02-24T19:34:18.419Z [Modules] Streaming discord_voice@1 to /home/shivansh/.config/discord/0.0.43/modules/pending/discord_voice-1.zip: 52%
2024-02-24T19:34:18.433Z [Modules] Streaming discord_voice@1 to /home/shivansh/.config/discord/0.0.43/modules/pending/discord_voice-1.zip: 53%
2024-02-24T19:34:18.441Z [Modules] Streaming discord_voice@1 to /home/shivansh/.config/discord/0.0.43/modules/pending/discord_voice-1.zip: 54%
2024-02-24T19:34:18.452Z [Modules] Streaming discord_voice@1 to /home/shivansh/.config/discord/0.0.43/modules/pending/discord_voice-1.zip: 55%
2024-02-24T19:34:18.458Z [Modules] Streaming discord_voice@1 to /home/shivansh/.config/discord/0.0.43/modules/pending/discord_voice-1.zip: 56%
2024-02-24T19:34:18.468Z [Modules] Streaming discord_voice@1 to /home/shivansh/.config/discord/0.0.43/modules/pending/discord_voice-1.zip: 57%
2024-02-24T19:34:18.489Z [Modules] Streaming discord_voice@1 to /home/shivansh/.config/discord/0.0.43/modules/pending/discord_voice-1.zip: 58%
2024-02-24T19:34:18.498Z [Modules] Streaming discord_voice@1 to /home/shivansh/.config/discord/0.0.43/modules/pending/discord_voice-1.zip: 59%
2024-02-24T19:34:18.507Z [Modules] Streaming discord_voice@1 to /home/shivansh/.config/discord/0.0.43/modules/pending/discord_voice-1.zip: 60%
2024-02-24T19:34:18.522Z [Modules] Streaming discord_voice@1 to /home/shivansh/.config/discord/0.0.43/modules/pending/discord_voice-1.zip: 61%
2024-02-24T19:34:18.532Z [Modules] Streaming discord_voice@1 to /home/shivansh/.config/discord/0.0.43/modules/pending/discord_voice-1.zip: 62%
2024-02-24T19:34:18.544Z [Modules] Streaming discord_voice@1 to /home/shivansh/.config/discord/0.0.43/modules/pending/discord_voice-1.zip: 63%
2024-02-24T19:34:18.561Z [Modules] Streaming discord_voice@1 to /home/shivansh/.config/discord/0.0.43/modules/pending/discord_voice-1.zip: 64%
2024-02-24T19:34:18.585Z [Modules] Streaming discord_voice@1 to /home/shivansh/.config/discord/0.0.43/modules/pending/discord_voice-1.zip: 65%
2024-02-24T19:34:18.598Z [Modules] Streaming discord_voice@1 to /home/shivansh/.config/discord/0.0.43/modules/pending/discord_voice-1.zip: 66%
2024-02-24T19:34:18.604Z [Modules] Streaming discord_voice@1 to /home/shivansh/.config/discord/0.0.43/modules/pending/discord_voice-1.zip: 67%
2024-02-24T19:34:18.614Z [Modules] Streaming discord_voice@1 to /home/shivansh/.config/discord/0.0.43/modules/pending/discord_voice-1.zip: 68%
2024-02-24T19:34:18.675Z [Modules] Streaming discord_voice@1 to /home/shivansh/.config/discord/0.0.43/modules/pending/discord_voice-1.zip: 69%
2024-02-24T19:34:18.706Z [Modules] Streaming discord_voice@1 to /home/shivansh/.config/discord/0.0.43/modules/pending/discord_voice-1.zip: 70%
2024-02-24T19:34:18.721Z [Modules] Streaming discord_voice@1 to /home/shivansh/.config/discord/0.0.43/modules/pending/discord_voice-1.zip: 71%
2024-02-24T19:34:18.752Z [Modules] Streaming discord_voice@1 to /home/shivansh/.config/discord/0.0.43/modules/pending/discord_voice-1.zip: 72%
2024-02-24T19:34:18.760Z [Modules] Streaming discord_voice@1 to /home/shivansh/.config/discord/0.0.43/modules/pending/discord_voice-1.zip: 73%
2024-02-24T19:34:18.828Z [Modules] Streaming discord_voice@1 to /home/shivansh/.config/discord/0.0.43/modules/pending/discord_voice-1.zip: 74%
2024-02-24T19:34:18.837Z [Modules] Streaming discord_voice@1 to /home/shivansh/.config/discord/0.0.43/modules/pending/discord_voice-1.zip: 75%
2024-02-24T19:34:18.848Z [Modules] Streaming discord_voice@1 to /home/shivansh/.config/discord/0.0.43/modules/pending/discord_voice-1.zip: 76%
2024-02-24T19:34:18.857Z [Modules] Streaming discord_voice@1 to /home/shivansh/.config/discord/0.0.43/modules/pending/discord_voice-1.zip: 77%
2024-02-24T19:34:18.874Z [Modules] Streaming discord_voice@1 to /home/shivansh/.config/discord/0.0.43/modules/pending/discord_voice-1.zip: 78%
2024-02-24T19:34:18.883Z [Modules] Streaming discord_voice@1 to /home/shivansh/.config/discord/0.0.43/modules/pending/discord_voice-1.zip: 79%
2024-02-24T19:34:18.894Z [Modules] Streaming discord_voice@1 to /home/shivansh/.config/discord/0.0.43/modules/pending/discord_voice-1.zip: 80%
2024-02-24T19:34:18.908Z [Modules] Streaming discord_voice@1 to /home/shivansh/.config/discord/0.0.43/modules/pending/discord_voice-1.zip: 81%
2024-02-24T19:34:18.925Z [Modules] Streaming discord_voice@1 to /home/shivansh/.config/discord/0.0.43/modules/pending/discord_voice-1.zip: 82%
2024-02-24T19:34:18.935Z [Modules] Streaming discord_voice@1 to /home/shivansh/.config/discord/0.0.43/modules/pending/discord_voice-1.zip: 83%
2024-02-24T19:34:18.947Z [Modules] Streaming discord_voice@1 to /home/shivansh/.config/discord/0.0.43/modules/pending/discord_voice-1.zip: 84%
2024-02-24T19:34:18.964Z [Modules] Streaming discord_voice@1 to /home/shivansh/.config/discord/0.0.43/modules/pending/discord_voice-1.zip: 85%
2024-02-24T19:34:18.972Z [Modules] Streaming discord_voice@1 to /home/shivansh/.config/discord/0.0.43/modules/pending/discord_voice-1.zip: 86%
2024-02-24T19:34:18.984Z [Modules] Streaming discord_voice@1 to /home/shivansh/.config/discord/0.0.43/modules/pending/discord_voice-1.zip: 87%
2024-02-24T19:34:18.997Z [Modules] Streaming discord_voice@1 to /home/shivansh/.config/discord/0.0.43/modules/pending/discord_voice-1.zip: 88%
2024-02-24T19:34:19.016Z [Modules] Streaming discord_voice@1 to /home/shivansh/.config/discord/0.0.43/modules/pending/discord_voice-1.zip: 89%
2024-02-24T19:34:19.026Z [Modules] Streaming discord_voice@1 to /home/shivansh/.config/discord/0.0.43/modules/pending/discord_voice-1.zip: 90%
2024-02-24T19:34:19.038Z [Modules] Streaming discord_voice@1 to /home/shivansh/.config/discord/0.0.43/modules/pending/discord_voice-1.zip: 91%
2024-02-24T19:34:19.048Z [Modules] Streaming discord_voice@1 to /home/shivansh/.config/discord/0.0.43/modules/pending/discord_voice-1.zip: 92%
2024-02-24T19:34:19.060Z [Modules] Streaming discord_voice@1 to /home/shivansh/.config/discord/0.0.43/modules/pending/discord_voice-1.zip: 93%
2024-02-24T19:34:19.072Z [Modules] Streaming discord_voice@1 to /home/shivansh/.config/discord/0.0.43/modules/pending/discord_voice-1.zip: 94%
2024-02-24T19:34:19.087Z [Modules] Streaming discord_voice@1 to /home/shivansh/.config/discord/0.0.43/modules/pending/discord_voice-1.zip: 95%
2024-02-24T19:34:19.097Z [Modules] Streaming discord_voice@1 to /home/shivansh/.config/discord/0.0.43/modules/pending/discord_voice-1.zip: 96%
2024-02-24T19:34:19.107Z [Modules] Streaming discord_voice@1 to /home/shivansh/.config/discord/0.0.43/modules/pending/discord_voice-1.zip: 97%
2024-02-24T19:34:19.125Z [Modules] Streaming discord_voice@1 to /home/shivansh/.config/discord/0.0.43/modules/pending/discord_voice-1.zip: 98%
2024-02-24T19:34:19.131Z [Modules] Streaming discord_voice@1 to /home/shivansh/.config/discord/0.0.43/modules/pending/discord_voice-1.zip: 99%
2024-02-24T19:34:19.143Z [Modules] Streaming discord_voice@1 to /home/shivansh/.config/discord/0.0.43/modules/pending/discord_voice-1.zip: 100%
2024-02-24T19:34:19.145Z [Modules] Finished module downloads. [success: 5] [failure: 0]
2024-02-24T19:34:19.146Z [Modules] Installing updates...
2024-02-24T19:34:19.146Z [Modules] Installing discord_desktop_core@1 from /home/shivansh/.config/discord/0.0.43/modules/pending/discord_desktop_core-1.zip
2024-02-24T19:34:19.289Z [Modules] Installing discord_erlpack@1 from /home/shivansh/.config/discord/0.0.43/modules/pending/discord_erlpack-1.zip
2024-02-24T19:34:19.413Z [Modules] Installing discord_spellcheck@1 from /home/shivansh/.config/discord/0.0.43/modules/pending/discord_spellcheck-1.zip
2024-02-24T19:34:20.904Z [Modules] Installing discord_utils@1 from /home/shivansh/.config/discord/0.0.43/modules/pending/discord_utils-1.zip
2024-02-24T19:34:21.129Z [Modules] Installing discord_voice@1 from /home/shivansh/.config/discord/0.0.43/modules/pending/discord_voice-1.zip
2024-02-24T19:34:22.406Z [Modules] Finished module installations. [success: 5] [failure: 0]
2024-02-24T19:34:22.406Z [Modules] Checking for host updates.
2024-02-24T19:34:22.777Z [Modules] Host is up to date.
2024-02-24T19:34:22.777Z [Modules] Checking for module updates at https://discord.com/api/modules/stable/versions.json
2024-02-24T19:34:22.779Z [Modules] No module updates available.
2024-02-24T19:34:24.254Z [Modules] Starting to install discord_krisp...
2024-02-24T19:34:24.255Z [Modules] Fetching discord_krisp@1 from https://discord.com/api/modules/stable/discord_krisp/1
2024-02-24T19:34:24.255Z [Modules] Streaming discord_krisp@1 to /home/shivansh/.config/discord/0.0.43/modules/pending/discord_krisp-1.zip
2024-02-24T19:34:24.263Z [Modules] Starting to install discord_game_utils...
2024-02-24T19:34:24.689Z [Modules] Streaming discord_krisp@1 to /home/shivansh/.config/discord/0.0.43/modules/pending/discord_krisp-1.zip: 1%
2024-02-24T19:34:24.702Z [Modules] Streaming discord_krisp@1 to /home/shivansh/.config/discord/0.0.43/modules/pending/discord_krisp-1.zip: 2%
2024-02-24T19:34:24.727Z [Modules] Streaming discord_krisp@1 to /home/shivansh/.config/discord/0.0.43/modules/pending/discord_krisp-1.zip: 3%
2024-02-24T19:34:24.735Z [Modules] Streaming discord_krisp@1 to /home/shivansh/.config/discord/0.0.43/modules/pending/discord_krisp-1.zip: 4%
2024-02-24T19:34:24.743Z [Modules] Streaming discord_krisp@1 to /home/shivansh/.config/discord/0.0.43/modules/pending/discord_krisp-1.zip: 5%
2024-02-24T19:34:24.752Z [Modules] Streaming discord_krisp@1 to /home/shivansh/.config/discord/0.0.43/modules/pending/discord_krisp-1.zip: 6%
2024-02-24T19:34:24.783Z [Modules] Streaming discord_krisp@1 to /home/shivansh/.config/discord/0.0.43/modules/pending/discord_krisp-1.zip: 7%
2024-02-24T19:34:24.830Z [Modules] Streaming discord_krisp@1 to /home/shivansh/.config/discord/0.0.43/modules/pending/discord_krisp-1.zip: 8%
2024-02-24T19:34:24.843Z [Modules] Streaming discord_krisp@1 to /home/shivansh/.config/discord/0.0.43/modules/pending/discord_krisp-1.zip: 9%
2024-02-24T19:34:24.849Z [Modules] Streaming discord_krisp@1 to /home/shivansh/.config/discord/0.0.43/modules/pending/discord_krisp-1.zip: 10%
2024-02-24T19:34:24.860Z [Modules] Streaming discord_krisp@1 to /home/shivansh/.config/discord/0.0.43/modules/pending/discord_krisp-1.zip: 11%
2024-02-24T19:34:24.870Z [Modules] Streaming discord_krisp@1 to /home/shivansh/.config/discord/0.0.43/modules/pending/discord_krisp-1.zip: 12%
2024-02-24T19:34:24.876Z [Modules] Streaming discord_krisp@1 to /home/shivansh/.config/discord/0.0.43/modules/pending/discord_krisp-1.zip: 13%
2024-02-24T19:34:24.887Z [Modules] Streaming discord_krisp@1 to /home/shivansh/.config/discord/0.0.43/modules/pending/discord_krisp-1.zip: 14%
2024-02-24T19:34:24.894Z [Modules] Checking for host updates.
2024-02-24T19:34:24.897Z [Modules] Streaming discord_krisp@1 to /home/shivansh/.config/discord/0.0.43/modules/pending/discord_krisp-1.zip: 15%
2024-02-24T19:34:24.907Z [Modules] Streaming discord_krisp@1 to /home/shivansh/.config/discord/0.0.43/modules/pending/discord_krisp-1.zip: 16%
2024-02-24T19:34:24.917Z [Modules] Streaming discord_krisp@1 to /home/shivansh/.config/discord/0.0.43/modules/pending/discord_krisp-1.zip: 17%
2024-02-24T19:34:24.930Z [Modules] Streaming discord_krisp@1 to /home/shivansh/.config/discord/0.0.43/modules/pending/discord_krisp-1.zip: 18%
2024-02-24T19:34:24.937Z [Modules] Streaming discord_krisp@1 to /home/shivansh/.config/discord/0.0.43/modules/pending/discord_krisp-1.zip: 19%
2024-02-24T19:34:24.946Z [Modules] Streaming discord_krisp@1 to /home/shivansh/.config/discord/0.0.43/modules/pending/discord_krisp-1.zip: 20%
2024-02-24T19:34:24.952Z [Modules] Streaming discord_krisp@1 to /home/shivansh/.config/discord/0.0.43/modules/pending/discord_krisp-1.zip: 21%
2024-02-24T19:34:24.958Z [Modules] Streaming discord_krisp@1 to /home/shivansh/.config/discord/0.0.43/modules/pending/discord_krisp-1.zip: 22%
2024-02-24T19:34:24.966Z [Modules] Starting to install discord_rpc...
2024-02-24T19:34:24.971Z [Modules] Streaming discord_krisp@1 to /home/shivansh/.config/discord/0.0.43/modules/pending/discord_krisp-1.zip: 23%
2024-02-24T19:34:24.985Z [Modules] Streaming discord_krisp@1 to /home/shivansh/.config/discord/0.0.43/modules/pending/discord_krisp-1.zip: 24%
2024-02-24T19:34:24.990Z [Modules] Streaming discord_krisp@1 to /home/shivansh/.config/discord/0.0.43/modules/pending/discord_krisp-1.zip: 25%
2024-02-24T19:34:25.000Z [Modules] Streaming discord_krisp@1 to /home/shivansh/.config/discord/0.0.43/modules/pending/discord_krisp-1.zip: 26%
2024-02-24T19:34:25.011Z [Modules] Streaming discord_krisp@1 to /home/shivansh/.config/discord/0.0.43/modules/pending/discord_krisp-1.zip: 27%
2024-02-24T19:34:25.020Z [Modules] Streaming discord_krisp@1 to /home/shivansh/.config/discord/0.0.43/modules/pending/discord_krisp-1.zip: 28%
2024-02-24T19:34:25.036Z [Modules] Streaming discord_krisp@1 to /home/shivansh/.config/discord/0.0.43/modules/pending/discord_krisp-1.zip: 29%
2024-02-24T19:34:25.044Z [Modules] Streaming discord_krisp@1 to /home/shivansh/.config/discord/0.0.43/modules/pending/discord_krisp-1.zip: 30%
2024-02-24T19:34:25.049Z [Modules] Streaming discord_krisp@1 to /home/shivansh/.config/discord/0.0.43/modules/pending/discord_krisp-1.zip: 31%
2024-02-24T19:34:25.058Z [Modules] Streaming discord_krisp@1 to /home/shivansh/.config/discord/0.0.43/modules/pending/discord_krisp-1.zip: 32%
2024-02-24T19:34:25.067Z [Modules] Streaming discord_krisp@1 to /home/shivansh/.config/discord/0.0.43/modules/pending/discord_krisp-1.zip: 33%
2024-02-24T19:34:25.082Z [Modules] Streaming discord_krisp@1 to /home/shivansh/.config/discord/0.0.43/modules/pending/discord_krisp-1.zip: 34%
2024-02-24T19:34:25.092Z [Modules] Streaming discord_krisp@1 to /home/shivansh/.config/discord/0.0.43/modules/pending/discord_krisp-1.zip: 35%
2024-02-24T19:34:25.101Z [Modules] Streaming discord_krisp@1 to /home/shivansh/.config/discord/0.0.43/modules/pending/discord_krisp-1.zip: 36%
2024-02-24T19:34:25.112Z [Modules] Streaming discord_krisp@1 to /home/shivansh/.config/discord/0.0.43/modules/pending/discord_krisp-1.zip: 37%
2024-02-24T19:34:25.121Z [Modules] Streaming discord_krisp@1 to /home/shivansh/.config/discord/0.0.43/modules/pending/discord_krisp-1.zip: 38%
2024-02-24T19:34:25.133Z [Modules] Streaming discord_krisp@1 to /home/shivansh/.config/discord/0.0.43/modules/pending/discord_krisp-1.zip: 39%
2024-02-24T19:34:25.140Z [Modules] Streaming discord_krisp@1 to /home/shivansh/.config/discord/0.0.43/modules/pending/discord_krisp-1.zip: 40%
2024-02-24T19:34:25.152Z [Modules] Streaming discord_krisp@1 to /home/shivansh/.config/discord/0.0.43/modules/pending/discord_krisp-1.zip: 41%
2024-02-24T19:34:25.158Z [Modules] Streaming discord_krisp@1 to /home/shivansh/.config/discord/0.0.43/modules/pending/discord_krisp-1.zip: 42%
2024-02-24T19:34:25.175Z [Modules] Streaming discord_krisp@1 to /home/shivansh/.config/discord/0.0.43/modules/pending/discord_krisp-1.zip: 43%
2024-02-24T19:34:25.185Z [Modules] Streaming discord_krisp@1 to /home/shivansh/.config/discord/0.0.43/modules/pending/discord_krisp-1.zip: 44%
2024-02-24T19:34:25.197Z [Modules] Streaming discord_krisp@1 to /home/shivansh/.config/discord/0.0.43/modules/pending/discord_krisp-1.zip: 45%
2024-02-24T19:34:25.215Z [Modules] Streaming discord_krisp@1 to /home/shivansh/.config/discord/0.0.43/modules/pending/discord_krisp-1.zip: 46%
2024-02-24T19:34:25.227Z [Modules] Streaming discord_krisp@1 to /home/shivansh/.config/discord/0.0.43/modules/pending/discord_krisp-1.zip: 47%
2024-02-24T19:34:25.229Z [Modules] Host is up to date.
2024-02-24T19:34:25.229Z [Modules] Checking for module updates at https://discord.com/api/modules/stable/versions.json
2024-02-24T19:34:25.231Z [Modules] No module updates available.
2024-02-24T19:34:25.243Z [Modules] Streaming discord_krisp@1 to /home/shivansh/.config/discord/0.0.43/modules/pending/discord_krisp-1.zip: 48%
2024-02-24T19:34:25.253Z [Modules] Streaming discord_krisp@1 to /home/shivansh/.config/discord/0.0.43/modules/pending/discord_krisp-1.zip: 49%
2024-02-24T19:34:25.260Z [Modules] Streaming discord_krisp@1 to /home/shivansh/.config/discord/0.0.43/modules/pending/discord_krisp-1.zip: 50%
2024-02-24T19:34:25.268Z [Modules] Streaming discord_krisp@1 to /home/shivansh/.config/discord/0.0.43/modules/pending/discord_krisp-1.zip: 51%
2024-02-24T19:34:25.278Z [Modules] Streaming discord_krisp@1 to /home/shivansh/.config/discord/0.0.43/modules/pending/discord_krisp-1.zip: 52%
2024-02-24T19:34:25.287Z [Modules] Streaming discord_krisp@1 to /home/shivansh/.config/discord/0.0.43/modules/pending/discord_krisp-1.zip: 53%
2024-02-24T19:34:25.294Z [Modules] Streaming discord_krisp@1 to /home/shivansh/.config/discord/0.0.43/modules/pending/discord_krisp-1.zip: 54%
2024-02-24T19:34:25.304Z [Modules] Streaming discord_krisp@1 to /home/shivansh/.config/discord/0.0.43/modules/pending/discord_krisp-1.zip: 55%
2024-02-24T19:34:25.312Z [Modules] Streaming discord_krisp@1 to /home/shivansh/.config/discord/0.0.43/modules/pending/discord_krisp-1.zip: 56%
2024-02-24T19:34:25.323Z [Modules] Streaming discord_krisp@1 to /home/shivansh/.config/discord/0.0.43/modules/pending/discord_krisp-1.zip: 57%
2024-02-24T19:34:25.329Z [Modules] Streaming discord_krisp@1 to /home/shivansh/.config/discord/0.0.43/modules/pending/discord_krisp-1.zip: 58%
2024-02-24T19:34:25.349Z [Modules] Streaming discord_krisp@1 to /home/shivansh/.config/discord/0.0.43/modules/pending/discord_krisp-1.zip: 59%
2024-02-24T19:34:25.354Z [Modules] Streaming discord_krisp@1 to /home/shivansh/.config/discord/0.0.43/modules/pending/discord_krisp-1.zip: 60%
2024-02-24T19:34:25.373Z [Modules] Streaming discord_krisp@1 to /home/shivansh/.config/discord/0.0.43/modules/pending/discord_krisp-1.zip: 61%
2024-02-24T19:34:25.394Z [Modules] Streaming discord_krisp@1 to /home/shivansh/.config/discord/0.0.43/modules/pending/discord_krisp-1.zip: 62%
2024-02-24T19:34:25.434Z [Modules] Streaming discord_krisp@1 to /home/shivansh/.config/discord/0.0.43/modules/pending/discord_krisp-1.zip: 63%
2024-02-24T19:34:25.439Z [Modules] Streaming discord_krisp@1 to /home/shivansh/.config/discord/0.0.43/modules/pending/discord_krisp-1.zip: 64%
2024-02-24T19:34:25.477Z [Modules] Streaming discord_krisp@1 to /home/shivansh/.config/discord/0.0.43/modules/pending/discord_krisp-1.zip: 65%
2024-02-24T19:34:25.494Z [Modules] Streaming discord_krisp@1 to /home/shivansh/.config/discord/0.0.43/modules/pending/discord_krisp-1.zip: 66%
2024-02-24T19:34:25.502Z [Modules] Streaming discord_krisp@1 to /home/shivansh/.config/discord/0.0.43/modules/pending/discord_krisp-1.zip: 67%
2024-02-24T19:34:25.571Z [Modules] Streaming discord_krisp@1 to /home/shivansh/.config/discord/0.0.43/modules/pending/discord_krisp-1.zip: 68%
2024-02-24T19:34:25.708Z [Modules] Streaming discord_krisp@1 to /home/shivansh/.config/discord/0.0.43/modules/pending/discord_krisp-1.zip: 69%
2024-02-24T19:34:25.741Z [Modules] Streaming discord_krisp@1 to /home/shivansh/.config/discord/0.0.43/modules/pending/discord_krisp-1.zip: 70%
2024-02-24T19:34:25.758Z [Modules] Streaming discord_krisp@1 to /home/shivansh/.config/discord/0.0.43/modules/pending/discord_krisp-1.zip: 71%
2024-02-24T19:34:25.783Z [Modules] Streaming discord_krisp@1 to /home/shivansh/.config/discord/0.0.43/modules/pending/discord_krisp-1.zip: 72%
2024-02-24T19:34:25.810Z [Modules] Streaming discord_krisp@1 to /home/shivansh/.config/discord/0.0.43/modules/pending/discord_krisp-1.zip: 73%
2024-02-24T19:34:25.830Z [Modules] Streaming discord_krisp@1 to /home/shivansh/.config/discord/0.0.43/modules/pending/discord_krisp-1.zip: 74%
2024-02-24T19:34:25.849Z [Modules] Streaming discord_krisp@1 to /home/shivansh/.config/discord/0.0.43/modules/pending/discord_krisp-1.zip: 75%
2024-02-24T19:34:25.869Z [Modules] Streaming discord_krisp@1 to /home/shivansh/.config/discord/0.0.43/modules/pending/discord_krisp-1.zip: 76%
2024-02-24T19:34:25.889Z [Modules] Streaming discord_krisp@1 to /home/shivansh/.config/discord/0.0.43/modules/pending/discord_krisp-1.zip: 77%
2024-02-24T19:34:25.906Z [Modules] Streaming discord_krisp@1 to /home/shivansh/.config/discord/0.0.43/modules/pending/discord_krisp-1.zip: 78%
2024-02-24T19:34:25.918Z [Modules] Streaming discord_krisp@1 to /home/shivansh/.config/discord/0.0.43/modules/pending/discord_krisp-1.zip: 79%
2024-02-24T19:34:25.935Z [Modules] Streaming discord_krisp@1 to /home/shivansh/.config/discord/0.0.43/modules/pending/discord_krisp-1.zip: 80%
2024-02-24T19:34:25.949Z [Modules] Streaming discord_krisp@1 to /home/shivansh/.config/discord/0.0.43/modules/pending/discord_krisp-1.zip: 81%
2024-02-24T19:34:25.964Z [Modules] Streaming discord_krisp@1 to /home/shivansh/.config/discord/0.0.43/modules/pending/discord_krisp-1.zip: 82%
2024-02-24T19:34:25.979Z [Modules] Streaming discord_krisp@1 to /home/shivansh/.config/discord/0.0.43/modules/pending/discord_krisp-1.zip: 83%
2024-02-24T19:34:25.993Z [Modules] Streaming discord_krisp@1 to /home/shivansh/.config/discord/0.0.43/modules/pending/discord_krisp-1.zip: 84%
2024-02-24T19:34:26.008Z [Modules] Streaming discord_krisp@1 to /home/shivansh/.config/discord/0.0.43/modules/pending/discord_krisp-1.zip: 85%
2024-02-24T19:34:26.020Z [Modules] Streaming discord_krisp@1 to /home/shivansh/.config/discord/0.0.43/modules/pending/discord_krisp-1.zip: 86%
2024-02-24T19:34:26.033Z [Modules] Streaming discord_krisp@1 to /home/shivansh/.config/discord/0.0.43/modules/pending/discord_krisp-1.zip: 87%
2024-02-24T19:34:26.050Z [Modules] Streaming discord_krisp@1 to /home/shivansh/.config/discord/0.0.43/modules/pending/discord_krisp-1.zip: 88%
2024-02-24T19:34:26.064Z [Modules] Streaming discord_krisp@1 to /home/shivansh/.config/discord/0.0.43/modules/pending/discord_krisp-1.zip: 89%
2024-02-24T19:34:26.076Z [Modules] Streaming discord_krisp@1 to /home/shivansh/.config/discord/0.0.43/modules/pending/discord_krisp-1.zip: 90%
2024-02-24T19:34:26.087Z [Modules] Streaming discord_krisp@1 to /home/shivansh/.config/discord/0.0.43/modules/pending/discord_krisp-1.zip: 91%
2024-02-24T19:34:26.100Z [Modules] Streaming discord_krisp@1 to /home/shivansh/.config/discord/0.0.43/modules/pending/discord_krisp-1.zip: 92%
2024-02-24T19:34:26.114Z [Modules] Streaming discord_krisp@1 to /home/shivansh/.config/discord/0.0.43/modules/pending/discord_krisp-1.zip: 93%
2024-02-24T19:34:26.124Z [Modules] Streaming discord_krisp@1 to /home/shivansh/.config/discord/0.0.43/modules/pending/discord_krisp-1.zip: 94%
2024-02-24T19:34:26.143Z [Modules] Streaming discord_krisp@1 to /home/shivansh/.config/discord/0.0.43/modules/pending/discord_krisp-1.zip: 95%
2024-02-24T19:34:26.152Z [Modules] Streaming discord_krisp@1 to /home/shivansh/.config/discord/0.0.43/modules/pending/discord_krisp-1.zip: 96%
2024-02-24T19:34:26.161Z [Modules] Streaming discord_krisp@1 to /home/shivansh/.config/discord/0.0.43/modules/pending/discord_krisp-1.zip: 97%
2024-02-24T19:34:26.172Z [Modules] Streaming discord_krisp@1 to /home/shivansh/.config/discord/0.0.43/modules/pending/discord_krisp-1.zip: 98%
2024-02-24T19:34:26.183Z [Modules] Streaming discord_krisp@1 to /home/shivansh/.config/discord/0.0.43/modules/pending/discord_krisp-1.zip: 99%
2024-02-24T19:34:26.192Z [Modules] Streaming discord_krisp@1 to /home/shivansh/.config/discord/0.0.43/modules/pending/discord_krisp-1.zip: 100%
2024-02-24T19:34:26.193Z [Modules] Fetching discord_game_utils@1 from https://discord.com/api/modules/stable/discord_game_utils/1
2024-02-24T19:34:26.193Z [Modules] Streaming discord_game_utils@1 to /home/shivansh/.config/discord/0.0.43/modules/pending/discord_game_utils-1.zip
2024-02-24T19:34:26.193Z [Modules] Installing discord_krisp@1 from /home/shivansh/.config/discord/0.0.43/modules/pending/discord_krisp-1.zip
2024-02-24T19:34:26.487Z [Modules] Finished module installations. [success: 1] [failure: 0]
2024-02-24T19:34:26.613Z [Modules] Streaming discord_game_utils@1 to /home/shivansh/.config/discord/0.0.43/modules/pending/discord_game_utils-1.zip: 2%
2024-02-24T19:34:26.618Z [Modules] Streaming discord_game_utils@1 to /home/shivansh/.config/discord/0.0.43/modules/pending/discord_game_utils-1.zip: 5%
2024-02-24T19:34:26.618Z [Modules] Streaming discord_game_utils@1 to /home/shivansh/.config/discord/0.0.43/modules/pending/discord_game_utils-1.zip: 6%
2024-02-24T19:34:26.620Z [Modules] Streaming discord_game_utils@1 to /home/shivansh/.config/discord/0.0.43/modules/pending/discord_game_utils-1.zip: 9%
2024-02-24T19:34:26.623Z [Modules] Streaming discord_game_utils@1 to /home/shivansh/.config/discord/0.0.43/modules/pending/discord_game_utils-1.zip: 12%
2024-02-24T19:34:26.624Z [Modules] Streaming discord_game_utils@1 to /home/shivansh/.config/discord/0.0.43/modules/pending/discord_game_utils-1.zip: 13%
2024-02-24T19:34:26.629Z [Modules] Streaming discord_game_utils@1 to /home/shivansh/.config/discord/0.0.43/modules/pending/discord_game_utils-1.zip: 16%
2024-02-24T19:34:26.629Z [Modules] Streaming discord_game_utils@1 to /home/shivansh/.config/discord/0.0.43/modules/pending/discord_game_utils-1.zip: 17%
2024-02-24T19:34:26.632Z [Modules] Streaming discord_game_utils@1 to /home/shivansh/.config/discord/0.0.43/modules/pending/discord_game_utils-1.zip: 18%
2024-02-24T19:34:26.640Z [Modules] Streaming discord_game_utils@1 to /home/shivansh/.config/discord/0.0.43/modules/pending/discord_game_utils-1.zip: 19%
2024-02-24T19:34:26.641Z [Modules] Streaming discord_game_utils@1 to /home/shivansh/.config/discord/0.0.43/modules/pending/discord_game_utils-1.zip: 21%
2024-02-24T19:34:26.645Z [Modules] Streaming discord_game_utils@1 to /home/shivansh/.config/discord/0.0.43/modules/pending/discord_game_utils-1.zip: 23%
2024-02-24T19:34:26.648Z [Modules] Streaming discord_game_utils@1 to /home/shivansh/.config/discord/0.0.43/modules/pending/discord_game_utils-1.zip: 27%
2024-02-24T19:34:26.652Z [Modules] Streaming discord_game_utils@1 to /home/shivansh/.config/discord/0.0.43/modules/pending/discord_game_utils-1.zip: 29%
2024-02-24T19:34:26.653Z [Modules] Streaming discord_game_utils@1 to /home/shivansh/.config/discord/0.0.43/modules/pending/discord_game_utils-1.zip: 32%
2024-02-24T19:34:26.656Z [Modules] Streaming discord_game_utils@1 to /home/shivansh/.config/discord/0.0.43/modules/pending/discord_game_utils-1.zip: 34%
2024-02-24T19:34:26.660Z [Modules] Streaming discord_game_utils@1 to /home/shivansh/.config/discord/0.0.43/modules/pending/discord_game_utils-1.zip: 38%
2024-02-24T19:34:26.665Z [Modules] Streaming discord_game_utils@1 to /home/shivansh/.config/discord/0.0.43/modules/pending/discord_game_utils-1.zip: 40%
2024-02-24T19:34:26.665Z [Modules] Streaming discord_game_utils@1 to /home/shivansh/.config/discord/0.0.43/modules/pending/discord_game_utils-1.zip: 41%
2024-02-24T19:34:26.669Z [Modules] Streaming discord_game_utils@1 to /home/shivansh/.config/discord/0.0.43/modules/pending/discord_game_utils-1.zip: 45%
2024-02-24T19:34:26.671Z [Modules] Streaming discord_game_utils@1 to /home/shivansh/.config/discord/0.0.43/modules/pending/discord_game_utils-1.zip: 47%
2024-02-24T19:34:26.675Z [Modules] Streaming discord_game_utils@1 to /home/shivansh/.config/discord/0.0.43/modules/pending/discord_game_utils-1.zip: 49%
2024-02-24T19:34:26.677Z [Modules] Streaming discord_game_utils@1 to /home/shivansh/.config/discord/0.0.43/modules/pending/discord_game_utils-1.zip: 52%
2024-02-24T19:34:26.678Z [Modules] Streaming discord_game_utils@1 to /home/shivansh/.config/discord/0.0.43/modules/pending/discord_game_utils-1.zip: 53%
2024-02-24T19:34:26.682Z [Modules] Streaming discord_game_utils@1 to /home/shivansh/.config/discord/0.0.43/modules/pending/discord_game_utils-1.zip: 56%
2024-02-24T19:34:26.685Z [Modules] Streaming discord_game_utils@1 to /home/shivansh/.config/discord/0.0.43/modules/pending/discord_game_utils-1.zip: 59%
2024-02-24T19:34:26.685Z [Modules] Streaming discord_game_utils@1 to /home/shivansh/.config/discord/0.0.43/modules/pending/discord_game_utils-1.zip: 60%
2024-02-24T19:34:26.688Z [Modules] Streaming discord_game_utils@1 to /home/shivansh/.config/discord/0.0.43/modules/pending/discord_game_utils-1.zip: 63%
2024-02-24T19:34:26.692Z [Modules] Streaming discord_game_utils@1 to /home/shivansh/.config/discord/0.0.43/modules/pending/discord_game_utils-1.zip: 66%
2024-02-24T19:34:26.692Z [Modules] Streaming discord_game_utils@1 to /home/shivansh/.config/discord/0.0.43/modules/pending/discord_game_utils-1.zip: 67%
2024-02-24T19:34:26.696Z [Modules] Streaming discord_game_utils@1 to /home/shivansh/.config/discord/0.0.43/modules/pending/discord_game_utils-1.zip: 70%
2024-02-24T19:34:26.696Z [Modules] Streaming discord_game_utils@1 to /home/shivansh/.config/discord/0.0.43/modules/pending/discord_game_utils-1.zip: 71%
2024-02-24T19:34:26.699Z [Modules] Streaming discord_game_utils@1 to /home/shivansh/.config/discord/0.0.43/modules/pending/discord_game_utils-1.zip: 73%
2024-02-24T19:34:26.700Z [Modules] Streaming discord_game_utils@1 to /home/shivansh/.config/discord/0.0.43/modules/pending/discord_game_utils-1.zip: 75%
2024-02-24T19:34:26.702Z [Modules] Streaming discord_game_utils@1 to /home/shivansh/.config/discord/0.0.43/modules/pending/discord_game_utils-1.zip: 77%
2024-02-24T19:34:26.706Z [Modules] Streaming discord_game_utils@1 to /home/shivansh/.config/discord/0.0.43/modules/pending/discord_game_utils-1.zip: 80%
2024-02-24T19:34:26.706Z [Modules] Streaming discord_game_utils@1 to /home/shivansh/.config/discord/0.0.43/modules/pending/discord_game_utils-1.zip: 81%
2024-02-24T19:34:26.710Z [Modules] Streaming discord_game_utils@1 to /home/shivansh/.config/discord/0.0.43/modules/pending/discord_game_utils-1.zip: 82%
2024-02-24T19:34:26.710Z [Modules] Streaming discord_game_utils@1 to /home/shivansh/.config/discord/0.0.43/modules/pending/discord_game_utils-1.zip: 84%
2024-02-24T19:34:26.715Z [Modules] Streaming discord_game_utils@1 to /home/shivansh/.config/discord/0.0.43/modules/pending/discord_game_utils-1.zip: 87%
2024-02-24T19:34:26.715Z [Modules] Streaming discord_game_utils@1 to /home/shivansh/.config/discord/0.0.43/modules/pending/discord_game_utils-1.zip: 88%
2024-02-24T19:34:26.719Z [Modules] Streaming discord_game_utils@1 to /home/shivansh/.config/discord/0.0.43/modules/pending/discord_game_utils-1.zip: 91%
2024-02-24T19:34:26.721Z [Modules] Streaming discord_game_utils@1 to /home/shivansh/.config/discord/0.0.43/modules/pending/discord_game_utils-1.zip: 94%
2024-02-24T19:34:26.722Z [Modules] Streaming discord_game_utils@1 to /home/shivansh/.config/discord/0.0.43/modules/pending/discord_game_utils-1.zip: 95%
2024-02-24T19:34:26.725Z [Modules] Streaming discord_game_utils@1 to /home/shivansh/.config/discord/0.0.43/modules/pending/discord_game_utils-1.zip: 99%
2024-02-24T19:34:26.727Z [Modules] Streaming discord_game_utils@1 to /home/shivansh/.config/discord/0.0.43/modules/pending/discord_game_utils-1.zip: 100%
2024-02-24T19:34:26.728Z [Modules] Fetching discord_rpc@1 from https://discord.com/api/modules/stable/discord_rpc/1
2024-02-24T19:34:26.728Z [Modules] Streaming discord_rpc@1 to /home/shivansh/.config/discord/0.0.43/modules/pending/discord_rpc-1.zip
2024-02-24T19:34:26.728Z [Modules] Installing discord_game_utils@1 from /home/shivansh/.config/discord/0.0.43/modules/pending/discord_game_utils-1.zip
2024-02-24T19:34:26.779Z [Modules] Finished module installations. [success: 1] [failure: 0]
2024-02-24T19:34:27.141Z [Modules] Streaming discord_rpc@1 to /home/shivansh/.config/discord/0.0.43/modules/pending/discord_rpc-1.zip: 100%
2024-02-24T19:34:27.142Z [Modules] Finished module downloads. [success: 3] [failure: 0]
2024-02-24T19:34:27.142Z [Modules] Installing discord_rpc@1 from /home/shivansh/.config/discord/0.0.43/modules/pending/discord_rpc-1.zip
2024-02-24T19:34:27.150Z [Modules] Finished module installations. [success: 1] [failure: 0]
2024-02-24T20:34:24.895Z [Modules] Checking for host updates.
2024-02-24T20:34:25.238Z [Modules] Host is up to date.
2024-02-24T20:34:25.238Z [Modules] Checking for module updates at https://discord.com/api/modules/stable/versions.json
2024-02-24T20:34:25.254Z [Modules] No module updates available.
2024-02-24T21:34:24.897Z [Modules] Checking for host updates.
2024-02-24T21:34:25.242Z [Modules] Host is up to date.
2024-02-24T21:34:25.242Z [Modules] Checking for module updates at https://discord.com/api/modules/stable/versions.json
2024-02-24T21:34:25.258Z [Modules] No module updates available.
2024-02-24T22:34:24.896Z [Modules] Checking for host updates.
2024-02-24T22:34:25.264Z [Modules] Host is up to date.
2024-02-24T22:34:25.264Z [Modules] Checking for module updates at https://discord.com/api/modules/stable/versions.json
2024-02-24T22:34:25.282Z [Modules] No module updates available.
2024-02-24T23:34:24.896Z [Modules] Checking for host updates.
2024-02-24T23:34:25.288Z [Modules] Host is up to date.
2024-02-24T23:34:25.288Z [Modules] Checking for module updates at https://discord.com/api/modules/stable/versions.json
2024-02-24T23:34:25.306Z [Modules] No module updates available.
2024-02-25T00:34:24.896Z [Modules] Checking for host updates.
2024-02-25T00:34:25.271Z [Modules] Host is up to date.
2024-02-25T00:34:25.272Z [Modules] Checking for module updates at https://discord.com/api/modules/stable/versions.json
2024-02-25T00:34:25.290Z [Modules] No module updates available.
2024-02-25T01:34:24.895Z [Modules] Checking for host updates.
2024-02-25T01:34:25.361Z [Modules] Host is up to date.
2024-02-25T01:34:25.361Z [Modules] Checking for module updates at https://discord.com/api/modules/stable/versions.json
2024-02-25T01:34:25.381Z [Modules] No module updates available.
